[2026-01-14T13:01:21.101Z] Initiating verification for nigelshivalkar7@gmail.com, uid: Eceq3jPn9cVMf0q2yLr9EseXVie2
[2026-01-14T13:01:21.102Z] Token generated
[2026-01-14T13:01:21.104Z] Got Firestore instance
[MockDB] Saved data to disk. Keys in verification_tokens: 19
[2026-01-14T13:01:21.111Z] Token saved to Firestore
[2026-01-14T13:01:21.113Z] Verification link: http://localhost:5173/verify-email?token=15dc9ed90627699b44a337e4f1208f9bc74ba7c0647ff3a3cd7ece8b5ab0214e&uid=Eceq3jPn9cVMf0q2yLr9EseXVie2
[2026-01-14T13:01:21.114Z] Sending email...
[2026-01-14T13:01:22.637Z] Email result: {"success":true,"messageId":"oKToteSWRtuQUDzaXUCjZw","to":"nigelshivalkar7@gmail.com"}
[MockDB] Saved data to disk. Keys in verification_tokens: 19
[MockDB] Saved data to disk. Keys in verification_tokens: 19
[2026-01-14T13:02:05.005Z] Found verification doc for uid: Eceq3jPn9cVMf0q2yLr9EseXVie2, token in DB: 15dc9ed90627699b44a337e4f1208f9bc74ba7c0647ff3a3cd7ece8b5ab0214e, token received: 15dc9ed90627699b44a337e4f1208f9bc74ba7c0647ff3a3cd7ece8b5ab0214e
[MockDB] Saved data to disk. Keys in verification_tokens: 19
[MockDB] Saved data to disk. Keys in verification_tokens: 19
[MockDB] Saved data to disk. Keys in verification_tokens: 18
[2026-01-14T13:02:05.106Z] No verification doc found for uid: Eceq3jPn9cVMf0q2yLr9EseXVie2
[2026-01-14T13:06:03.096Z] No verification doc found for uid: Eceq3jPn9cVMf0q2yLr9EseXVie2
[2026-01-14T13:07:26.338Z] Initiating verification for nigelshivalkar6@gmail.com, uid: 4OdxGfHEW5Xy0BJEApm4yh9zyjq1
[2026-01-14T13:07:26.341Z] Token generated
[2026-01-14T13:07:26.343Z] Got Firestore instance
[MockDB] Saved data to disk. Keys in verification_tokens: 19
[2026-01-14T13:07:26.353Z] Token saved to Firestore
[2026-01-14T13:07:26.355Z] Verification link: http://localhost:5173/verify-email?token=1e8a6ebe610aaf21d0fb9ec975d35b6779f5080e9503a17022663f7e4e0d3e78&uid=4OdxGfHEW5Xy0BJEApm4yh9zyjq1
[2026-01-14T13:07:26.356Z] Sending email...
[2026-01-14T13:07:28.032Z] Email result: {"success":true,"messageId":"BgGK_lDqT4ioS2vwvAZcGA","to":"nigelshivalkar6@gmail.com"}
[MockDB] Saved data to disk. Keys in verification_tokens: 19
[MockDB] Saved data to disk. Keys in verification_tokens: 19
[2026-01-14T13:07:52.157Z] Found verification doc for uid: 4OdxGfHEW5Xy0BJEApm4yh9zyjq1, token in DB: 1e8a6ebe610aaf21d0fb9ec975d35b6779f5080e9503a17022663f7e4e0d3e78, token received: 1e8a6ebe610aaf21d0fb9ec975d35b6779f5080e9503a17022663f7e4e0d3e78
[MockDB] Saved data to disk. Keys in verification_tokens: 19
[MockDB] Saved data to disk. Keys in verification_tokens: 19
[MockDB] Saved data to disk. Keys in verification_tokens: 18
[2026-01-14T13:08:52.966Z] No verification doc found for uid: zPgR3Rrq1idJyga0LNVzbyw417b2
[2026-01-14T13:09:42.500Z] Initiating verification for nigelshivalkar6@gmail.com, uid: 75FnqxE2aSfUR8hBOF4c1jM1sID2
[2026-01-14T13:09:42.502Z] Token generated
[2026-01-14T13:09:42.504Z] Got Firestore instance
[MockDB] Saved data to disk. Keys in verification_tokens: 19
[2026-01-14T13:09:42.511Z] Token saved to Firestore
[2026-01-14T13:09:42.512Z] Verification link: http://localhost:5173/verify-email?token=9b6fbcb338ccb6c9b1b433a205dea237c1c336ca92f0d393809f35751ea75f0a&uid=75FnqxE2aSfUR8hBOF4c1jM1sID2
[2026-01-14T13:09:42.514Z] Sending email...
[2026-01-14T13:09:43.705Z] Email result: {"success":true,"messageId":"T53hM8SfQq6_eh4KPhvOrA","to":"nigelshivalkar6@gmail.com"}
[MockDB] Saved data to disk. Keys in verification_tokens: 19
[MockDB] Saved data to disk. Keys in verification_tokens: 19
[2026-01-14T13:10:04.265Z] Found verification doc for uid: 75FnqxE2aSfUR8hBOF4c1jM1sID2, token in DB: 9b6fbcb338ccb6c9b1b433a205dea237c1c336ca92f0d393809f35751ea75f0a, token received: 9b6fbcb338ccb6c9b1b433a205dea237c1c336ca92f0d393809f35751ea75f0a
[MockDB] Saved data to disk. Keys in verification_tokens: 19
[MockDB] Saved data to disk. Keys in verification_tokens: 19
[MockDB] Saved data to disk. Keys in verification_tokens: 18
[2026-01-14T13:21:05.581Z] Initiating verification for nigelshivalkar7@gmail.com, uid: RcrNKtZAptgRpmlg3D35bp8gIiL2
[2026-01-14T13:21:05.585Z] Token generated
[2026-01-14T13:21:05.587Z] Got Firestore instance
[MockDB] Saved data to disk. Keys in verification_tokens: 19
[2026-01-14T13:21:05.595Z] Token saved to Firestore
[2026-01-14T13:21:05.597Z] Verification link: http://localhost:5173/verify-email?token=f7794a263340d0ba59a680c91f0654bcb2e7151dffcc536322d4ff419401adb3&uid=RcrNKtZAptgRpmlg3D35bp8gIiL2
[2026-01-14T13:21:05.598Z] Sending email...
[2026-01-14T13:21:09.010Z] Email result: {"success":true,"messageId":"mLn9qspUQdqeSlmcgB8-Kw","to":"nigelshivalkar7@gmail.com"}
[MockDB] Saved data to disk. Keys in verification_tokens: 19
[MockDB] Saved data to disk. Keys in verification_tokens: 19
[2026-01-14T13:22:49.108Z] Found verification doc for uid: RcrNKtZAptgRpmlg3D35bp8gIiL2, token in DB: f7794a263340d0ba59a680c91f0654bcb2e7151dffcc536322d4ff419401adb3, token received: f7794a263340d0ba59a680c91f0654bcb2e7151dffcc536322d4ff419401adb3
[MockDB] Saved data to disk. Keys in verification_tokens: 19
[MockDB] Saved data to disk. Keys in verification_tokens: 19
[MockDB] Saved data to disk. Keys in verification_tokens: 18
[2026-01-14T13:35:50.771Z] Initiating verification for nigelshivalkar6@gmail.com, uid: 1EAvDTpA45dIsSoPcAFIMpjptB52
[2026-01-14T13:35:50.775Z] Token generated
[2026-01-14T13:35:50.777Z] Got Firestore instance
[2026-01-14T13:35:51.352Z] ERROR: 7 PERMISSION_DENIED: Cloud Firestore API has not been used in project tripo-b2414 before or it is disabled. Enable it by visiting https://console.developers.google.com/apis/api/firestore.googleapis.com/overview?project=tripo-b2414 then retry. If you enabled this API recently, wait a few minutes for the action to propagate to our systems and retry.
Error: 7 PERMISSION_DENIED: Cloud Firestore API has not been used in project tripo-b2414 before or it is disabled. Enable it by visiting https://console.developers.google.com/apis/api/firestore.googleapis.com/overview?project=tripo-b2414 then retry. If you enabled this API recently, wait a few minutes for the action to propagate to our systems and retry.
    at callErrorFromStatus (D:\TripO (2)\TripO\backend\node_modules\@grpc\grpc-js\build\src\call.js:31:19)
    at Object.onReceiveStatus (D:\TripO (2)\TripO\backend\node_modules\@grpc\grpc-js\build\src\client.js:192:76)
    at Object.onReceiveStatus (D:\TripO (2)\TripO\backend\node_modules\@grpc\grpc-js\build\src\client-interceptors.js:360:141)
    at Object.onReceiveStatus (D:\TripO (2)\TripO\backend\node_modules\@grpc\grpc-js\build\src\client-interceptors.js:323:181)
    at D:\TripO (2)\TripO\backend\node_modules\@grpc\grpc-js\build\src\resolving-call.js:94:78
    at process.processTicksAndRejections (node:internal/process/task_queues:85:11)
for call at
    at ServiceClientImpl.makeUnaryRequest (D:\TripO (2)\TripO\backend\node_modules\@grpc\grpc-js\build\src\client.js:160:32)
    at ServiceClientImpl.<anonymous> (D:\TripO (2)\TripO\backend\node_modules\@grpc\grpc-js\build\src\make-client.js:105:19)
    at D:\TripO (2)\TripO\backend\node_modules\@google-cloud\firestore\build\src\v1\firestore_client.js:227:29
    at D:\TripO (2)\TripO\backend\node_modules\google-gax\build\src\normalCalls\timeout.js:44:16
    at repeat (D:\TripO (2)\TripO\backend\node_modules\google-gax\build\src\normalCalls\retries.js:80:25)
    at D:\TripO (2)\TripO\backend\node_modules\google-gax\build\src\normalCalls\retries.js:118:13
    at OngoingCallPromise.call (D:\TripO (2)\TripO\backend\node_modules\google-gax\build\src\call.js:67:27)
    at NormalApiCaller.call (D:\TripO (2)\TripO\backend\node_modules\google-gax\build\src\normalCalls\normalApiCaller.js:34:19)
    at D:\TripO (2)\TripO\backend\node_modules\google-gax\build\src\createApiCall.js:84:30
    at process.processTicksAndRejections (node:internal/process/task_queues:105:5)
Caused by: Error
    at WriteBatch.commit (D:\TripO (2)\TripO\backend\node_modules\@google-cloud\firestore\build\src\write-batch.js:433:23)
    at DocumentReference.set (D:\TripO (2)\TripO\backend\node_modules\@google-cloud\firestore\build\src\reference.js:395:27)
    at D:\TripO (2)\TripO\backend\src\routes\auth.js:46:57
    at D:\TripO (2)\TripO\backend\src\middleware\index.js:103:21
    at Layer.handle [as handle_request] (D:\TripO (2)\TripO\backend\node_modules\express\lib\router\layer.js:95:5)
    at next (D:\TripO (2)\TripO\backend\node_modules\express\lib\router\route.js:149:13)
    at handleValidationErrors (D:\TripO (2)\TripO\backend\src\middleware\index.js:95:3)
    at Layer.handle [as handle_request] (D:\TripO (2)\TripO\backend\node_modules\express\lib\router\layer.js:95:5)
    at next (D:\TripO (2)\TripO\backend\node_modules\express\lib\router\route.js:149:13)
    at middleware (D:\TripO (2)\TripO\backend\node_modules\express-validator\lib\middlewares\check.js:16:13)
[2026-01-14T13:52:28.028Z] Initiating verification for nigelshivalkar6@gmail.com, uid: vSgo6TDgTAcHris4amUi41ckmd72
[2026-01-14T13:52:28.031Z] Token generated
[2026-01-14T13:52:28.033Z] Got Firestore instance
[2026-01-14T13:52:28.338Z] ERROR: 7 PERMISSION_DENIED: Cloud Firestore API has not been used in project tripo-b2414 before or it is disabled. Enable it by visiting https://console.developers.google.com/apis/api/firestore.googleapis.com/overview?project=tripo-b2414 then retry. If you enabled this API recently, wait a few minutes for the action to propagate to our systems and retry.
Error: 7 PERMISSION_DENIED: Cloud Firestore API has not been used in project tripo-b2414 before or it is disabled. Enable it by visiting https://console.developers.google.com/apis/api/firestore.googleapis.com/overview?project=tripo-b2414 then retry. If you enabled this API recently, wait a few minutes for the action to propagate to our systems and retry.
    at callErrorFromStatus (D:\TripO (2)\TripO\backend\node_modules\@grpc\grpc-js\build\src\call.js:31:19)
    at Object.onReceiveStatus (D:\TripO (2)\TripO\backend\node_modules\@grpc\grpc-js\build\src\client.js:192:76)
    at Object.onReceiveStatus (D:\TripO (2)\TripO\backend\node_modules\@grpc\grpc-js\build\src\client-interceptors.js:360:141)
    at Object.onReceiveStatus (D:\TripO (2)\TripO\backend\node_modules\@grpc\grpc-js\build\src\client-interceptors.js:323:181)
    at D:\TripO (2)\TripO\backend\node_modules\@grpc\grpc-js\build\src\resolving-call.js:94:78
    at process.processTicksAndRejections (node:internal/process/task_queues:85:11)
for call at
    at ServiceClientImpl.makeUnaryRequest (D:\TripO (2)\TripO\backend\node_modules\@grpc\grpc-js\build\src\client.js:160:32)
    at ServiceClientImpl.<anonymous> (D:\TripO (2)\TripO\backend\node_modules\@grpc\grpc-js\build\src\make-client.js:105:19)
    at D:\TripO (2)\TripO\backend\node_modules\@google-cloud\firestore\build\src\v1\firestore_client.js:227:29
    at D:\TripO (2)\TripO\backend\node_modules\google-gax\build\src\normalCalls\timeout.js:44:16
    at repeat (D:\TripO (2)\TripO\backend\node_modules\google-gax\build\src\normalCalls\retries.js:80:25)
    at D:\TripO (2)\TripO\backend\node_modules\google-gax\build\src\normalCalls\retries.js:118:13
    at OngoingCallPromise.call (D:\TripO (2)\TripO\backend\node_modules\google-gax\build\src\call.js:67:27)
    at NormalApiCaller.call (D:\TripO (2)\TripO\backend\node_modules\google-gax\build\src\normalCalls\normalApiCaller.js:34:19)
    at D:\TripO (2)\TripO\backend\node_modules\google-gax\build\src\createApiCall.js:84:30
    at process.processTicksAndRejections (node:internal/process/task_queues:105:5)
Caused by: Error
    at WriteBatch.commit (D:\TripO (2)\TripO\backend\node_modules\@google-cloud\firestore\build\src\write-batch.js:433:23)
    at DocumentReference.set (D:\TripO (2)\TripO\backend\node_modules\@google-cloud\firestore\build\src\reference.js:395:27)
    at D:\TripO (2)\TripO\backend\src\routes\auth.js:46:57
    at D:\TripO (2)\TripO\backend\src\middleware\index.js:103:21
    at Layer.handle [as handle_request] (D:\TripO (2)\TripO\backend\node_modules\express\lib\router\layer.js:95:5)
    at next (D:\TripO (2)\TripO\backend\node_modules\express\lib\router\route.js:149:13)
    at handleValidationErrors (D:\TripO (2)\TripO\backend\src\middleware\index.js:95:3)
    at Layer.handle [as handle_request] (D:\TripO (2)\TripO\backend\node_modules\express\lib\router\layer.js:95:5)
    at next (D:\TripO (2)\TripO\backend\node_modules\express\lib\router\route.js:149:13)
    at middleware (D:\TripO (2)\TripO\backend\node_modules\express-validator\lib\middlewares\check.js:16:13)
[2026-01-14T14:12:37.479Z] Initiating verification for nigelshivalkar7@gmail.com, uid: GfMmlPqHNFZL9yvPidR7tAMv3gj2
[2026-01-14T14:12:37.482Z] Token generated
[2026-01-14T14:12:37.484Z] Got Firestore instance
[2026-01-14T14:12:38.044Z] Token saved to Firestore
[2026-01-14T14:12:38.045Z] Verification link: http://localhost:5173/verify-email?token=f99f8b4131a4d73404be090a3540c2a23d9ce7b2078ab645907e61c7deb4ca3d&uid=GfMmlPqHNFZL9yvPidR7tAMv3gj2
[2026-01-14T14:12:38.046Z] Sending email...
[2026-01-14T14:12:39.129Z] Email result: {"success":true,"messageId":"yhAjE0TEQHKWQmJ88PySZg","to":"nigelshivalkar7@gmail.com"}
[2026-01-14T14:16:05.791Z] Initiating verification for snetwork963@gmail.com, uid: irR7urdcJ0SY59kpJEyZrLz7wO12
[2026-01-14T14:16:05.794Z] Token generated
[2026-01-14T14:16:05.796Z] Got Firestore instance
[2026-01-14T14:16:06.048Z] Token saved to Firestore
[2026-01-14T14:16:06.050Z] Verification link: http://localhost:5173/verify-email?token=96d1a3d4f2379b5b54825d8f6a816f06bc8ab384d3023404db2b539320a8f68b&uid=irR7urdcJ0SY59kpJEyZrLz7wO12
[2026-01-14T14:16:06.051Z] Sending email...
[2026-01-14T14:16:07.005Z] Email result: {"success":true,"messageId":"YTTALW5nS0uq0gsOvEixzQ","to":"snetwork963@gmail.com"}
[2026-01-14T14:23:42.530Z] Initiating verification for nigelshivalkar6@gmail.com, uid: Y59G4NQQE9eSw5Ln4FfKoZurdqz1
[2026-01-14T14:23:42.532Z] Token generated
[2026-01-14T14:23:42.532Z] Got Firestore instance
[2026-01-14T14:23:42.803Z] Token saved to Firestore
[2026-01-14T14:23:42.804Z] Verification link: http://localhost:5173/verify-email?token=3fa067c0cfcdf728256be59ea7db68cdf75a3fdc85d3d8f7a12f011cf5fdc6ca&uid=Y59G4NQQE9eSw5Ln4FfKoZurdqz1
[2026-01-14T14:23:42.805Z] Sending email...
[2026-01-14T14:23:44.187Z] Email result: {"success":true,"messageId":"c44y1mWkRE2fbJD3vgdp1w","to":"nigelshivalkar6@gmail.com"}
[2026-01-14T14:42:15.563Z] Initiating verification for nigelshivalkar7@gmail.com, uid: Fi0VInq0MUfuobwVbqabKZRJ0lo1
[2026-01-14T14:42:15.564Z] Token generated
[2026-01-14T14:42:15.564Z] Got Firestore instance
[2026-01-14T14:42:15.729Z] Token saved to Firestore
[2026-01-14T14:42:15.729Z] Verification link: http://localhost:5173/verify-email?token=74dd2f39f9a0b1c20f9077a4c08169bee5af28ad3c4f97352e02f2a4ab6199fa&uid=Fi0VInq0MUfuobwVbqabKZRJ0lo1
[2026-01-14T14:42:15.730Z] Sending email...
[2026-01-14T14:42:18.092Z] Email result: {"success":true,"messageId":"DKpQhbkfQwSeUDEP8Z7Miw","to":"nigelshivalkar7@gmail.com"}
[2026-01-14T14:43:16.809Z] Found verification doc for uid: Fi0VInq0MUfuobwVbqabKZRJ0lo1, token in DB: 74dd2f39f9a0b1c20f9077a4c08169bee5af28ad3c4f97352e02f2a4ab6199fa, token received: 74dd2f39f9a0b1c20f9077a4c08169bee5af28ad3c4f97352e02f2a4ab6199fa
[2026-01-14T14:46:05.634Z] Initiating verification for nigelmendes2426@gmail.com, uid: lfOpNBcJ5nQpXlWI63NOGux8YGQ2
[2026-01-14T14:46:05.635Z] Token generated
[2026-01-14T14:46:05.636Z] Got Firestore instance
[2026-01-14T14:46:05.929Z] Token saved to Firestore
[2026-01-14T14:46:05.930Z] Verification link: http://localhost:5173/verify-email?token=9572942a79bc833451db7b3bac04236f96c3b5e9cb620bc65f93754850bf57a1&uid=lfOpNBcJ5nQpXlWI63NOGux8YGQ2
[2026-01-14T14:46:05.930Z] Sending email...
[2026-01-14T14:46:07.436Z] Email result: {"success":true,"messageId":"-sepnuXvRcupuhwEcZmzrQ","to":"nigelmendes2426@gmail.com"}
[2026-01-14T15:01:43.208Z] Initiating verification for nigelshivalkar7@gmail.com, uid: 3GjfaOuOl9gGKUX1lsT4U44VlJD3
[2026-01-14T15:01:43.211Z] Token generated
[2026-01-14T15:01:43.212Z] Got Firestore instance
[2026-01-14T15:01:43.421Z] Token saved to Firestore
[2026-01-14T15:01:43.422Z] Verification link: http://10.25.24.78:5173/verify-email?token=37bfa271e82dc2ac6e79572526aadea83adcb9a7c80c499e55711151475e510c&uid=3GjfaOuOl9gGKUX1lsT4U44VlJD3
[2026-01-14T15:01:43.423Z] Sending email...
[2026-01-14T15:01:45.142Z] Email result: {"success":true,"messageId":"00jjFH52QWG8zzcJe8R4zw","to":"nigelshivalkar7@gmail.com"}
[2026-01-14T15:03:37.440Z] No verification doc found for uid: Fi0VInq0MUfuobwVbqabKZRJ0lo1
[2026-01-14T15:04:42.859Z] Initiating verification for projecttripo08@gmail.com, uid: 4uc2Fw1yeOSfjUO3nZm7hyFc5ME3
[2026-01-14T15:04:42.860Z] Token generated
[2026-01-14T15:04:42.861Z] Got Firestore instance
[2026-01-14T15:04:43.004Z] Token saved to Firestore
[2026-01-14T15:04:43.005Z] Verification link: http://10.25.24.78:5173/verify-email?token=38a17fdae9e514556083154efa5b1c46c8292ee2edbdf5d60abbdf514225f913&uid=4uc2Fw1yeOSfjUO3nZm7hyFc5ME3
[2026-01-14T15:04:43.005Z] Sending email...
[2026-01-14T15:04:44.175Z] Email result: {"success":true,"messageId":"QvTlS-6eQVCBhdgiOuwTkA","to":"projecttripo08@gmail.com"}
[2026-01-14T15:10:15.262Z] Initiating verification for nigelshivalkar6@gmail.com, uid: U6xduY5DX3c04rvahPqYUS4vY5w2
[2026-01-14T15:10:15.263Z] Token generated
[2026-01-14T15:10:15.263Z] Got Firestore instance
[2026-01-14T15:10:15.401Z] Token saved to Firestore
[2026-01-14T15:10:15.402Z] Verification link: http://localhost:5173/verify-email?token=138ed891d96a9846f735425136ba8a605f614e7f51d0dc69dc35083b4a44f4c8&uid=U6xduY5DX3c04rvahPqYUS4vY5w2
[2026-01-14T15:10:15.403Z] Sending email...
[2026-01-14T15:10:17.704Z] Email result: {"success":true,"messageId":"MQeeQhb4SCeBy68WMK2C9w","to":"nigelshivalkar6@gmail.com"}
[2026-01-14T15:13:45.102Z] Initiating verification for nigelshivalkar7@gmail.com, uid: MR3eabLei4NWbksmmKt4SnxznHS2
[2026-01-14T15:13:45.103Z] Token generated
[2026-01-14T15:13:45.104Z] Got Firestore instance
[2026-01-14T15:13:45.363Z] Token saved to Firestore
[2026-01-14T15:13:45.364Z] Verification link: http://localhost:5173/verify-email?token=18dad8c90084dedd9bfa3726f61dab41e25ff71803925ce76ec8658599ed174d&uid=MR3eabLei4NWbksmmKt4SnxznHS2
[2026-01-14T15:13:45.365Z] Sending email...
[2026-01-14T15:13:46.647Z] Email result: {"success":true,"messageId":"oqy5BSX2QvKeJsDCpQ6gFw","to":"nigelshivalkar7@gmail.com"}
[2026-01-14T15:14:21.431Z] Found verification doc for uid: MR3eabLei4NWbksmmKt4SnxznHS2, token in DB: 18dad8c90084dedd9bfa3726f61dab41e25ff71803925ce76ec8658599ed174d, token received: 18dad8c90084dedd9bfa3726f61dab41e25ff71803925ce76ec8658599ed174d
[2026-01-15T03:31:10.250Z] Initiating verification for nigelshivalkar6@gmail.com, uid: F0JjgZU07bXeuj4Ql7vBFyAD4Uk2
[2026-01-15T03:31:10.254Z] Token generated
[2026-01-15T03:31:10.256Z] Got Firestore instance
[2026-01-15T03:31:10.373Z] Token saved to Firestore
[2026-01-15T03:31:10.392Z] Verification link: http://localhost:5173/verify-email?token=63d32ab485e3ea0ddfaa0282bd072c3b4d275c55e506922e519054196f0a584b&uid=F0JjgZU07bXeuj4Ql7vBFyAD4Uk2
[2026-01-15T03:31:10.394Z] Sending email...
[2026-01-15T03:31:11.890Z] Email result: {"success":true,"messageId":"iuHI5slZQV28hZE_XZLpxQ","to":"nigelshivalkar6@gmail.com"}
[2026-01-15T03:37:52.576Z] Found verification doc for uid: F0JjgZU07bXeuj4Ql7vBFyAD4Uk2, token in DB: 63d32ab485e3ea0ddfaa0282bd072c3b4d275c55e506922e519054196f0a584b, token received: 63d32ab485e3ea0ddfaa0282bd072c3b4d275c55e506922e519054196f0a584b
[2026-01-15T03:49:35.633Z] Initiating verification for nigelshivalkar7@gmail.com, uid: 1F8ZWmf3V4ObQjAQ2dG7cSMVVZw1
[2026-01-15T03:49:35.636Z] Token generated
[2026-01-15T03:49:35.638Z] Got Firestore instance
[2026-01-15T03:49:35.764Z] Token saved to Firestore
[2026-01-15T03:49:35.766Z] Verification link: http://localhost:5173/verify-email?token=68b8f51ea000b4760c718429ab7c7e1d32d7db3307b016db306c8b5a7dd6ccbe&uid=1F8ZWmf3V4ObQjAQ2dG7cSMVVZw1
[2026-01-15T03:49:35.768Z] Sending email...
[2026-01-15T03:49:36.875Z] Email result: {"success":true,"messageId":"9khX50X9SPO4Hi-k9FUn-w","to":"nigelshivalkar7@gmail.com"}
[2026-01-15T03:50:16.100Z] Found verification doc for uid: 1F8ZWmf3V4ObQjAQ2dG7cSMVVZw1, token in DB: 68b8f51ea000b4760c718429ab7c7e1d32d7db3307b016db306c8b5a7dd6ccbe, token received: 68b8f51ea000b4760c718429ab7c7e1d32d7db3307b016db306c8b5a7dd6ccbe
[2026-01-15T04:57:20.051Z] Initiating verification for snetwork963@gmail.com, uid: Kt36mN5SiNbdrHOE3jIvyCoV0vz1
[2026-01-15T04:57:20.055Z] Token generated
[2026-01-15T04:57:20.057Z] Got Firestore instance
[2026-01-15T04:57:20.270Z] Token saved to Firestore
[2026-01-15T04:57:20.272Z] Verification link: http://localhost:5173/verify-email?token=08d761ec8b72a784ffc0d2ca9919356cabee6958c84254aea0ac23a824abd782&uid=Kt36mN5SiNbdrHOE3jIvyCoV0vz1
[2026-01-15T04:57:20.273Z] Sending email...
[2026-01-15T04:57:22.351Z] Email result: {"success":true,"messageId":"6Tf4cM_hRi2VhncdeMZ14w","to":"snetwork963@gmail.com"}
[2026-01-15T04:59:02.298Z] Found verification doc for uid: Kt36mN5SiNbdrHOE3jIvyCoV0vz1, token in DB: 08d761ec8b72a784ffc0d2ca9919356cabee6958c84254aea0ac23a824abd782, token received: 08d761ec8b72a784ffc0d2ca9919356cabee6958c84254aea0ac23a824abd782
[2026-01-15T05:05:52.091Z] Initiating verification for nigelshivalkar6@gmail.com, uid: rsnAAAJa6Lfj8pgGI5jvMwXZZAP2
[2026-01-15T05:05:52.093Z] Token generated
[2026-01-15T05:05:52.095Z] Got Firestore instance
[2026-01-15T05:05:52.176Z] Token saved to Firestore
[2026-01-15T05:05:52.181Z] Verification link: http://localhost:5173/verify-email?token=1365cda7f42f53895f16c3a39af44b7b7e659b4655efd75eea2bde122d31f90c&uid=rsnAAAJa6Lfj8pgGI5jvMwXZZAP2
[2026-01-15T05:05:52.182Z] Sending email...
[2026-01-15T05:05:53.256Z] Email result: {"success":true,"messageId":"R2x8mk9JTH2RXfS8KRlEEw","to":"nigelshivalkar6@gmail.com"}
[2026-01-15T05:10:15.540Z] Initiating verification for nigelshivalkar7@gmail.com, uid: N4bh0ZZ355P5Vgp9n4eGpprtdgn1
[2026-01-15T05:10:15.542Z] Token generated
[2026-01-15T05:10:15.544Z] Got Firestore instance
[2026-01-15T05:10:15.626Z] Token saved to Firestore
[2026-01-15T05:10:15.627Z] Verification link: http://localhost:5173/verify-email?token=c5b0c64881f87997c43dd148e14cd7d577c7f01ad39f4b603898a44dc79d8f24&uid=N4bh0ZZ355P5Vgp9n4eGpprtdgn1
[2026-01-15T05:10:15.629Z] Sending email...
[2026-01-15T05:10:16.496Z] Email result: {"success":true,"messageId":"tWccnNmURnq8ZwA7TrSnsQ","to":"nigelshivalkar7@gmail.com"}
[2026-01-15T05:13:48.562Z] Initiating verification for snetwork963@gmail.com, uid: u8iRv76rRaX6Y1k7CdgZxQgEttd2
[2026-01-15T05:13:48.565Z] Token generated
[2026-01-15T05:13:48.568Z] Got Firestore instance
[2026-01-15T05:13:48.675Z] Token saved to Firestore
[2026-01-15T05:13:48.676Z] Verification link: http://localhost:5173/verify-email?token=1468e6f13dd055d64471762bd7d0fed812503b868bddff067d48f41350fa7398&uid=u8iRv76rRaX6Y1k7CdgZxQgEttd2
[2026-01-15T05:13:48.678Z] Sending email...
[2026-01-15T05:13:51.230Z] Email result: {"success":true,"messageId":"4tw9pvXSRhm9SzXY8loGvQ","to":"snetwork963@gmail.com"}
[2026-01-15T05:17:39.462Z] Initiating verification for nigelshivalka6@gmail.com, uid: 9B629T7b7FTKmgcIf4HjM26fr962
[2026-01-15T05:17:39.465Z] Token generated
[2026-01-15T05:17:39.466Z] Got Firestore instance
[2026-01-15T05:17:39.539Z] Token saved to Firestore
[2026-01-15T05:17:39.540Z] Verification link: http://localhost:5173/verify-email?token=7438f2e18bfc43f9f27b67534a1d95e5fbcccd3d7779d3076d5e47e2cc8065b5&uid=9B629T7b7FTKmgcIf4HjM26fr962
[2026-01-15T05:17:39.542Z] Sending email...
[2026-01-15T05:17:41.085Z] Email result: {"success":true,"messageId":"Eyr9O-X8TB-TlbSjnP7O0A","to":"nigelshivalka6@gmail.com"}
[2026-01-15T05:22:46.427Z] Initiating verification for nigelshivalkar6@gmail.com, uid: 1hOvfDuV2gTuYTuAbfoikFhCq9y2
[2026-01-15T05:22:46.429Z] Token generated
[2026-01-15T05:22:46.431Z] Got Firestore instance
[2026-01-15T05:22:46.511Z] Token saved to Firestore
[2026-01-15T05:22:46.513Z] Verification link: http://localhost:5173/verify-email?token=48c53fdb3e596e0abe988b91a77cce9d658c340380f56b794d18b61c15cd314b&uid=1hOvfDuV2gTuYTuAbfoikFhCq9y2
[2026-01-15T05:22:46.514Z] Sending email...
[2026-01-15T05:22:47.640Z] Email result: {"success":true,"messageId":"5FwOpUOmSo-iua5a_86hLw","to":"nigelshivalkar6@gmail.com"}
[2026-01-15T05:26:44.541Z] Initiating verification for nigelshivalkar7@gmail.com, uid: PxQriTzZZqWAZLOhwzR5Ng0gVRm1
[2026-01-15T05:26:44.543Z] Token generated
[2026-01-15T05:26:44.545Z] Got Firestore instance
[2026-01-15T05:26:44.684Z] Token saved to Firestore
[2026-01-15T05:26:44.686Z] Verification link: http://localhost:5173/verify-email?token=0e5654f2fc61ea45c2086403d3d6367997232032bc652870b65e301801e09ebd&uid=PxQriTzZZqWAZLOhwzR5Ng0gVRm1
[2026-01-15T05:26:44.689Z] Sending email...
[2026-01-15T05:26:46.283Z] Email result: {"success":true,"messageId":"_2r9ttphRCKbvltFgwzrcA","to":"nigelshivalkar7@gmail.com"}
[2026-01-15T05:27:43.124Z] Found verification doc for uid: PxQriTzZZqWAZLOhwzR5Ng0gVRm1, token in DB: 0e5654f2fc61ea45c2086403d3d6367997232032bc652870b65e301801e09ebd, token received: 0e5654f2fc61ea45c2086403d3d6367997232032bc652870b65e301801e09ebd
[2026-01-15T06:14:31.579Z] Initiating verification for nigelshivalkar6@gmail.com, uid: cvgWpVSYUVdEEr3yxUWlyXlrrHb2
[2026-01-15T06:14:31.582Z] Token generated
[2026-01-15T06:14:31.584Z] Got Firestore instance
[2026-01-15T06:14:31.707Z] Token saved to Firestore
[2026-01-15T06:14:31.709Z] Verification link: http://localhost:5173/verify-email?token=8b58b879f86c80c76912758e195be0ae432d2750d1c10e26b6f4c1ae772164bb&uid=cvgWpVSYUVdEEr3yxUWlyXlrrHb2
[2026-01-15T06:14:31.710Z] Sending email...
[2026-01-15T06:14:33.793Z] Email result: {"success":true,"messageId":"zOFLIEqSR6yLAMYMoaXlcw","to":"nigelshivalkar6@gmail.com"}
[2026-01-15T06:15:02.795Z] Found verification doc for uid: cvgWpVSYUVdEEr3yxUWlyXlrrHb2, token in DB: 8b58b879f86c80c76912758e195be0ae432d2750d1c10e26b6f4c1ae772164bb, token received: 8b58b879f86c80c76912758e195be0ae432d2750d1c10e26b6f4c1ae772164bb
[2026-01-15T06:23:18.912Z] Initiating verification for nigelshivalkar7@gmail.com, uid: wqeNknUcxSZ02xZpnILOxHbT3ix1
[2026-01-15T06:23:18.915Z] Token generated
[2026-01-15T06:23:18.917Z] Got Firestore instance
[2026-01-15T06:23:19.003Z] Token saved to Firestore
[2026-01-15T06:23:19.005Z] Verification link: http://localhost:5173/verify-email?token=6f9b69e934cb5f2b8ac8a84ff006fe01ad2153968f44555c1b3cc59fa9922a52&uid=wqeNknUcxSZ02xZpnILOxHbT3ix1
[2026-01-15T06:23:19.006Z] Sending email...
[2026-01-15T06:23:20.202Z] Email result: {"success":true,"messageId":"iRo1RG8ZQQ-q_7Hv8OAaIg","to":"nigelshivalkar7@gmail.com"}
[2026-01-15T06:23:59.436Z] Found verification doc for uid: wqeNknUcxSZ02xZpnILOxHbT3ix1, token in DB: 6f9b69e934cb5f2b8ac8a84ff006fe01ad2153968f44555c1b3cc59fa9922a52, token received: 6f9b69e934cb5f2b8ac8a84ff006fe01ad2153968f44555c1b3cc59fa9922a52
[2026-01-15T06:36:04.341Z] Initiating verification for nigelshivalkar6@gmail.com, uid: 6HXKwrotlfO2DRfpWBPqSuDTC7k2
[2026-01-15T06:36:04.343Z] Token generated
[2026-01-15T06:36:04.344Z] Got Firestore instance
[2026-01-15T06:36:04.417Z] Token saved to Firestore
[2026-01-15T06:36:04.418Z] Verification link: http://localhost:5173/verify-email?token=7be654677c754861772b4ce3dc8887bcf643389516a17bebcdeb59af6ac790ec&uid=6HXKwrotlfO2DRfpWBPqSuDTC7k2
[2026-01-15T06:36:04.418Z] Sending email...
[2026-01-15T06:36:05.418Z] Email result: {"success":true,"messageId":"H6H4RcifR_aIf3ziF2r22w","to":"nigelshivalkar6@gmail.com"}
[2026-01-15T06:36:34.354Z] Found verification doc for uid: 6HXKwrotlfO2DRfpWBPqSuDTC7k2, token in DB: 7be654677c754861772b4ce3dc8887bcf643389516a17bebcdeb59af6ac790ec, token received: 7be654677c754861772b4ce3dc8887bcf643389516a17bebcdeb59af6ac790ec
[2026-01-15T06:39:45.581Z] Initiating verification for nigelshivalkar7@gmail.com, uid: XSTkQlUHMvhB3rch3aiVvndOeMA3
[2026-01-15T06:39:45.581Z] Token generated
[2026-01-15T06:39:45.582Z] Got Firestore instance
[2026-01-15T06:39:45.650Z] Token saved to Firestore
[2026-01-15T06:39:45.651Z] Verification link: http://localhost:5173/verify-email?token=a92d6c6e757ba6cfc9600e49b80f41e94e42476c8677e783b79db7d9df16a96a&uid=XSTkQlUHMvhB3rch3aiVvndOeMA3
[2026-01-15T06:39:45.651Z] Sending email...
[2026-01-15T06:39:46.926Z] Email result: {"success":true,"messageId":"5brAHPCkSDCHPhQjPIXoPw","to":"nigelshivalkar7@gmail.com"}
[2026-01-15T06:40:10.847Z] Found verification doc for uid: XSTkQlUHMvhB3rch3aiVvndOeMA3, token in DB: a92d6c6e757ba6cfc9600e49b80f41e94e42476c8677e783b79db7d9df16a96a, token received: a92d6c6e757ba6cfc9600e49b80f41e94e42476c8677e783b79db7d9df16a96a
[2026-01-15T06:47:56.115Z] Initiating verification for snetwork963@gmail.com, uid: NAKtKXkPbZazy4rs7RBwM7ICfbE3
[2026-01-15T06:47:56.117Z] Token generated
[2026-01-15T06:47:56.118Z] Got Firestore instance
[2026-01-15T06:47:56.209Z] Token saved to Firestore
[2026-01-15T06:47:56.209Z] Verification link: http://localhost:5173/verify-email?token=2965acc0d2b7cd42bdd81f0386d4a3923dee18ecffcfd61ba86ed810fee76466&uid=NAKtKXkPbZazy4rs7RBwM7ICfbE3
[2026-01-15T06:47:56.210Z] Sending email...
[2026-01-15T06:47:57.397Z] Email result: {"success":true,"messageId":"4p0BR7YmRAGw7Fv7-wnzLA","to":"snetwork963@gmail.com"}
[2026-01-15T06:48:28.878Z] Found verification doc for uid: NAKtKXkPbZazy4rs7RBwM7ICfbE3, token in DB: 2965acc0d2b7cd42bdd81f0386d4a3923dee18ecffcfd61ba86ed810fee76466, token received: 2965acc0d2b7cd42bdd81f0386d4a3923dee18ecffcfd61ba86ed810fee76466
[2026-01-15T07:08:38.857Z] Initiating verification for projecttripo08@gmail.com, uid: v4oDOsUf57hd3OPX1pKfxySd93n1
[2026-01-15T07:08:38.859Z] Token generated
[2026-01-15T07:08:38.885Z] Got Firestore instance
[2026-01-15T07:08:39.683Z] Token saved to Firestore
[2026-01-15T07:08:39.683Z] Verification link: http://localhost:5173/verify-email?token=e747f0b4b7d9d1967ceb811b28fd61db29bd3914badb0f431495c48eae3e24d7&uid=v4oDOsUf57hd3OPX1pKfxySd93n1
[2026-01-15T07:08:39.684Z] Sending email...
[2026-01-15T07:08:41.055Z] Email result: {"success":true,"messageId":"KCwn2KcDQ-aYa5KstAsW3Q","to":"projecttripo08@gmail.com"}
[2026-01-15T07:09:12.375Z] Found verification doc for uid: v4oDOsUf57hd3OPX1pKfxySd93n1, token in DB: e747f0b4b7d9d1967ceb811b28fd61db29bd3914badb0f431495c48eae3e24d7, token received: e747f0b4b7d9d1967ceb811b28fd61db29bd3914badb0f431495c48eae3e24d7
[2026-01-15T07:26:39.434Z] Initiating verification for nigelshivalkar7@gmail.com, uid: Q0CYc5uLcdgTyoRSd5KuM7CX4HK2
[2026-01-15T07:26:39.436Z] Token generated
[2026-01-15T07:26:39.437Z] Got Firestore instance
[2026-01-15T07:26:39.524Z] Token saved to Firestore
[2026-01-15T07:26:39.525Z] Verification link: http://localhost:5173/verify-email?token=8ff5cc44b06e78a7995ac2616916303f851121b9c5ea740d3670177fc78cf9c2&uid=Q0CYc5uLcdgTyoRSd5KuM7CX4HK2
[2026-01-15T07:26:39.525Z] Sending email...
[2026-01-15T07:26:41.189Z] Email result: {"success":true,"messageId":"jco1slQ-RAuUuX245SWpkQ","to":"nigelshivalkar7@gmail.com"}
[2026-01-15T07:30:02.472Z] Initiating verification for testpassenger_jetski_2@example.com, uid: zKmf7cjvBNRar7YGG4ejltSpQLv2
[2026-01-15T07:30:02.473Z] Token generated
[2026-01-15T07:30:02.474Z] Got Firestore instance
[2026-01-15T07:30:02.551Z] Token saved to Firestore
[2026-01-15T07:30:02.553Z] Verification link: http://localhost:5173/verify-email?token=1dff70cb306e1e51a57626a968226ba65e483a6f5676f7a0710a5eccacdcfcd3&uid=zKmf7cjvBNRar7YGG4ejltSpQLv2
[2026-01-15T07:30:02.555Z] Sending email...
[2026-01-15T07:30:03.987Z] Email result: {"success":true,"messageId":"dcrIdojTTTyyW1eercTD-g","to":"testpassenger_jetski_2@example.com"}
[2026-01-15T09:18:27.537Z] Initiating verification for prachitalavanekar29@gmail.com, uid: 82YG90R03ydMIBKQytcheCK3SMD2
[2026-01-15T09:18:27.541Z] Token generated
[2026-01-15T09:18:27.543Z] Got Firestore instance
[2026-01-15T09:18:28.148Z] Token saved to Firestore
[2026-01-15T09:18:28.150Z] Verification link: http://localhost:5173/verify-email?token=099eafc3f50070e17a582f59bf5605c6f676224544818f535d325df21abd0f67&uid=82YG90R03ydMIBKQytcheCK3SMD2
[2026-01-15T09:18:28.151Z] Sending email...
[2026-01-15T09:18:30.441Z] Email result: {"success":true,"messageId":"kOQ_ne_mSsuigAkq10rvMQ","to":"prachitalavanekar29@gmail.com"}
[2026-01-15T09:31:35.381Z] Initiating verification for pranavtmhanekar76@gmail.com, uid: SU31IuMXWKMewCc4XTmsN7FRWos1
[2026-01-15T09:31:35.384Z] Token generated
[2026-01-15T09:31:35.386Z] Got Firestore instance
[2026-01-15T09:31:38.887Z] Token saved to Firestore
[2026-01-15T09:31:38.889Z] Verification link: http://localhost:5173/verify-email?token=81cb81ee682191deb2a98d4909a65c98b2e1931cf81ad63bf0352f45c5601c80&uid=SU31IuMXWKMewCc4XTmsN7FRWos1
[2026-01-15T09:31:38.890Z] Sending email...
[2026-01-15T09:31:42.595Z] Email result: {"success":true,"messageId":"hsc-shFLTqqJUgJSTOgFRQ","to":"pranavtmhanekar76@gmail.com"}
[2026-01-15T09:40:00.529Z] Initiating verification for nigelshivalkar6@gmail.com, uid: EXjtF0XnznYhVRuyGLmnwX6aOfY2
[2026-01-15T09:40:00.531Z] Token generated
[2026-01-15T09:40:00.533Z] Got Firestore instance
[2026-01-15T09:40:00.669Z] Token saved to Firestore
[2026-01-15T09:40:00.670Z] Verification link: http://localhost:5173/verify-email?token=816902f46f5fee1bd729c32560d265a693383a1f14f72ec2b1ba6fb1a5f7a07a&uid=EXjtF0XnznYhVRuyGLmnwX6aOfY2
[2026-01-15T09:40:00.670Z] Sending email...
[2026-01-15T09:40:02.289Z] Email result: {"success":true,"messageId":"lgNIIDWzTgyNQ1bTkCRpjQ","to":"nigelshivalkar6@gmail.com"}
[2026-01-15T09:44:04.414Z] Initiating verification for snetwork963@gmail.com, uid: fxUofA2JZsPNYRdp65HWgWgKT0s2
[2026-01-15T09:44:04.416Z] Token generated
[2026-01-15T09:44:04.418Z] Got Firestore instance
[2026-01-15T09:44:04.574Z] Token saved to Firestore
[2026-01-15T09:44:04.576Z] Verification link: http://localhost:5173/verify-email?token=120319044c8638252aebd81db1376b6947ac9cbee5d45a57ce03dd44a7ef5c8a&uid=fxUofA2JZsPNYRdp65HWgWgKT0s2
[2026-01-15T09:44:04.577Z] Sending email...
[2026-01-15T09:44:05.991Z] Email result: {"success":true,"messageId":"Q1gV__TzTz6FppZ8Ib07BA","to":"snetwork963@gmail.com"}
[2026-01-15T09:45:28.260Z] No verification doc found for uid: irR7urdcJ0SY59kpJEyZrLz7wO12
[2026-01-15T09:45:32.058Z] No verification doc found for uid: irR7urdcJ0SY59kpJEyZrLz7wO12
[2026-01-15T10:03:22.295Z] Initiating verification for vyosim.priti.t@gmail.com, uid: fhKAdpkzdYSyWod1sH4o31KLmZM2
[2026-01-15T10:03:22.298Z] Token generated
[2026-01-15T10:03:22.300Z] Got Firestore instance
[2026-01-15T10:03:22.472Z] Token saved to Firestore
[2026-01-15T10:03:22.473Z] Verification link: http://localhost:5173/verify-email?token=6f7307a87119aff0ae1fa6e93efb674ec6bef56c90c537b2e4a2cc858adfab0f&uid=fhKAdpkzdYSyWod1sH4o31KLmZM2
[2026-01-15T10:03:22.474Z] Sending email...
[2026-01-15T10:03:24.539Z] Email result: {"success":true,"messageId":"zXM6vahuQ2-5eH4BldrH2Q","to":"vyosim.priti.t@gmail.com"}
[2026-01-15T10:18:20.376Z] Initiating verification for nigelshivalkar@gmail.com, uid: 4NwM3cT89NgdC9elxAFeNPtWSNu1
[2026-01-15T10:18:20.379Z] Token generated
[2026-01-15T10:18:20.380Z] Got Firestore instance
[2026-01-15T10:18:20.532Z] Token saved to Firestore
[2026-01-15T10:18:20.533Z] Verification link: http://localhost:5173/verify-email?token=c57ffb9e43a8a59c590f40ef4392aa70d3911322fbf9275c560c468a2098b2c8&uid=4NwM3cT89NgdC9elxAFeNPtWSNu1
[2026-01-15T10:18:20.534Z] Sending email...
[2026-01-15T10:18:21.980Z] Email result: {"success":true,"messageId":"QbPwPHz-TiqwM8DL2szk-Q","to":"nigelshivalkar@gmail.com"}
[2026-01-15T10:33:21.116Z] Initiating verification for vyosim.priti.t@gmail.com, uid: fhKAdpkzdYSyWod1sH4o31KLmZM2
[2026-01-15T10:33:21.123Z] Token generated
[2026-01-15T10:33:21.125Z] Got Firestore instance
[2026-01-15T10:33:21.313Z] Token saved to Firestore
[2026-01-15T10:33:21.315Z] Verification link: http://localhost:5173/verify-email?token=af531fb6a91ac157984a3855c050b02176bf510ad4fbfd7abfd11f16b6611b9e&uid=fhKAdpkzdYSyWod1sH4o31KLmZM2
[2026-01-15T10:33:21.316Z] Sending email...
[2026-01-15T10:33:23.805Z] Email result: {"success":true,"messageId":"ewRh4KhKTPmVSVqM6LUSNA","to":"vyosim.priti.t@gmail.com"}
[2026-01-15T10:48:40.427Z] Initiating verification for nigelshivalkar7@gmail.com, uid: Q0CYc5uLcdgTyoRSd5KuM7CX4HK2
[2026-01-15T10:48:40.429Z] Token generated
[2026-01-15T10:48:40.430Z] Got Firestore instance
[2026-01-15T10:48:40.623Z] Token saved to Firestore
[2026-01-15T10:48:40.624Z] Verification link: http://localhost:5173/verify-email?token=d1d0b4dbe82c731112c5801a78ab1b539dccba33ed5a46a48d21b5d91429b3f0&uid=Q0CYc5uLcdgTyoRSd5KuM7CX4HK2
[2026-01-15T10:48:40.625Z] Sending email...
[2026-01-15T10:48:42.321Z] Email result: {"success":true,"messageId":"9UlDD-vdQLy316OUy2Cz7g","to":"nigelshivalkar7@gmail.com"}
[2026-01-15T10:52:15.223Z] Initiating verification for nigelshivalkar7@gmail.com, uid: Q0CYc5uLcdgTyoRSd5KuM7CX4HK2
[2026-01-15T10:52:15.226Z] Token generated
[2026-01-15T10:52:15.228Z] Got Firestore instance
[2026-01-15T10:52:15.377Z] Token saved to Firestore
[2026-01-15T10:52:15.378Z] Verification link: http://localhost:5173/verify-email?token=ed9f3a5456c8af50fd02d5353d90b4f1821b6e05b177fa43beaa5c355c2baada&uid=Q0CYc5uLcdgTyoRSd5KuM7CX4HK2
[2026-01-15T10:52:15.379Z] Sending email...
[2026-01-15T10:52:16.855Z] Email result: {"success":true,"messageId":"w2ufMiPXTL-dADJYaewubw","to":"nigelshivalkar7@gmail.com"}
[2026-01-15T10:52:47.581Z] Initiating verification for nigelshivalkar7@gmail.com, uid: Q0CYc5uLcdgTyoRSd5KuM7CX4HK2
[2026-01-15T10:52:47.583Z] Token generated
[2026-01-15T10:52:47.584Z] Got Firestore instance
[2026-01-15T10:52:47.694Z] Token saved to Firestore
[2026-01-15T10:52:47.696Z] Verification link: http://localhost:5173/verify-email?token=8231d7f9187fbf9b570fa31a0729fcf09e1027d3a651b1dd35c584e8be10d9a8&uid=Q0CYc5uLcdgTyoRSd5KuM7CX4HK2
[2026-01-15T10:52:47.697Z] Sending email...
[2026-01-15T10:52:48.500Z] Email result: {"success":true,"messageId":"wUXCWJjASGSH-0NwY3TqPw","to":"nigelshivalkar7@gmail.com"}
[2026-01-15T11:33:10.814Z] Initiating verification for nigelshivalkar6@gmail.com, uid: K3RXGMfUUTObhCYh6KPfqMbhgYk1
[2026-01-15T11:33:10.815Z] Token generated
[2026-01-15T11:33:10.816Z] Got Firestore instance
[2026-01-15T11:33:10.861Z] ERROR: 16 UNAUTHENTICATED: Request had invalid authentication credentials. Expected OAuth 2 access token, login cookie or other valid authentication credential. See https://developers.google.com/identity/sign-in/web/devconsole-project.
Error: 16 UNAUTHENTICATED: Request had invalid authentication credentials. Expected OAuth 2 access token, login cookie or other valid authentication credential. See https://developers.google.com/identity/sign-in/web/devconsole-project.
    at callErrorFromStatus (D:\TripO (2)\TripO\backend\node_modules\@grpc\grpc-js\build\src\call.js:31:19)
    at Object.onReceiveStatus (D:\TripO (2)\TripO\backend\node_modules\@grpc\grpc-js\build\src\client.js:192:76)
    at Object.onReceiveStatus (D:\TripO (2)\TripO\backend\node_modules\@grpc\grpc-js\build\src\client-interceptors.js:360:141)
    at Object.onReceiveStatus (D:\TripO (2)\TripO\backend\node_modules\@grpc\grpc-js\build\src\client-interceptors.js:323:181)
    at D:\TripO (2)\TripO\backend\node_modules\@grpc\grpc-js\build\src\resolving-call.js:94:78
    at process.processTicksAndRejections (node:internal/process/task_queues:85:11)
for call at
    at ServiceClientImpl.makeUnaryRequest (D:\TripO (2)\TripO\backend\node_modules\@grpc\grpc-js\build\src\client.js:160:32)
    at ServiceClientImpl.<anonymous> (D:\TripO (2)\TripO\backend\node_modules\@grpc\grpc-js\build\src\make-client.js:105:19)
    at D:\TripO (2)\TripO\backend\node_modules\@google-cloud\firestore\build\src\v1\firestore_client.js:227:29
    at D:\TripO (2)\TripO\backend\node_modules\google-gax\build\src\normalCalls\timeout.js:44:16
    at repeat (D:\TripO (2)\TripO\backend\node_modules\google-gax\build\src\normalCalls\retries.js:80:25)
    at D:\TripO (2)\TripO\backend\node_modules\google-gax\build\src\normalCalls\retries.js:118:13
    at OngoingCallPromise.call (D:\TripO (2)\TripO\backend\node_modules\google-gax\build\src\call.js:67:27)
    at NormalApiCaller.call (D:\TripO (2)\TripO\backend\node_modules\google-gax\build\src\normalCalls\normalApiCaller.js:34:19)
    at D:\TripO (2)\TripO\backend\node_modules\google-gax\build\src\createApiCall.js:84:30
    at process.processTicksAndRejections (node:internal/process/task_queues:105:5)
Caused by: Error
    at WriteBatch.commit (D:\TripO (2)\TripO\backend\node_modules\@google-cloud\firestore\build\src\write-batch.js:433:23)
    at DocumentReference.set (D:\TripO (2)\TripO\backend\node_modules\@google-cloud\firestore\build\src\reference.js:395:27)
    at D:\TripO (2)\TripO\backend\src\routes\auth.js:46:57
    at D:\TripO (2)\TripO\backend\src\middleware\index.js:105:21
    at Layer.handle [as handle_request] (D:\TripO (2)\TripO\backend\node_modules\express\lib\router\layer.js:95:5)
    at next (D:\TripO (2)\TripO\backend\node_modules\express\lib\router\route.js:149:13)
    at handleValidationErrors (D:\TripO (2)\TripO\backend\src\middleware\index.js:97:3)
    at Layer.handle [as handle_request] (D:\TripO (2)\TripO\backend\node_modules\express\lib\router\layer.js:95:5)
    at next (D:\TripO (2)\TripO\backend\node_modules\express\lib\router\route.js:149:13)
    at middleware (D:\TripO (2)\TripO\backend\node_modules\express-validator\lib\middlewares\check.js:16:13)
[2026-01-15T11:58:42.793Z] Initiating verification for nigelshivalkar6@gmail.com, uid: 98U5UdhLubO8VlZJXhqtl4QSjbo2
[2026-01-15T11:58:42.794Z] Token generated
[2026-01-15T11:58:42.823Z] Got Firestore instance
[2026-01-15T11:58:43.365Z] ERROR: 16 UNAUTHENTICATED: Request had invalid authentication credentials. Expected OAuth 2 access token, login cookie or other valid authentication credential. See https://developers.google.com/identity/sign-in/web/devconsole-project.
Error: 16 UNAUTHENTICATED: Request had invalid authentication credentials. Expected OAuth 2 access token, login cookie or other valid authentication credential. See https://developers.google.com/identity/sign-in/web/devconsole-project.
    at callErrorFromStatus (D:\TripO (2)\TripO\backend\node_modules\@grpc\grpc-js\build\src\call.js:31:19)
    at Object.onReceiveStatus (D:\TripO (2)\TripO\backend\node_modules\@grpc\grpc-js\build\src\client.js:192:76)
    at Object.onReceiveStatus (D:\TripO (2)\TripO\backend\node_modules\@grpc\grpc-js\build\src\client-interceptors.js:360:141)
    at Object.onReceiveStatus (D:\TripO (2)\TripO\backend\node_modules\@grpc\grpc-js\build\src\client-interceptors.js:323:181)
    at D:\TripO (2)\TripO\backend\node_modules\@grpc\grpc-js\build\src\resolving-call.js:94:78
    at process.processTicksAndRejections (node:internal/process/task_queues:85:11)
for call at
    at ServiceClientImpl.makeUnaryRequest (D:\TripO (2)\TripO\backend\node_modules\@grpc\grpc-js\build\src\client.js:160:32)
    at ServiceClientImpl.<anonymous> (D:\TripO (2)\TripO\backend\node_modules\@grpc\grpc-js\build\src\make-client.js:105:19)
    at D:\TripO (2)\TripO\backend\node_modules\@google-cloud\firestore\build\src\v1\firestore_client.js:227:29
    at D:\TripO (2)\TripO\backend\node_modules\google-gax\build\src\normalCalls\timeout.js:44:16
    at repeat (D:\TripO (2)\TripO\backend\node_modules\google-gax\build\src\normalCalls\retries.js:80:25)
    at D:\TripO (2)\TripO\backend\node_modules\google-gax\build\src\normalCalls\retries.js:118:13
    at OngoingCallPromise.call (D:\TripO (2)\TripO\backend\node_modules\google-gax\build\src\call.js:67:27)
    at NormalApiCaller.call (D:\TripO (2)\TripO\backend\node_modules\google-gax\build\src\normalCalls\normalApiCaller.js:34:19)
    at D:\TripO (2)\TripO\backend\node_modules\google-gax\build\src\createApiCall.js:84:30
    at process.processTicksAndRejections (node:internal/process/task_queues:105:5)
Caused by: Error
    at WriteBatch.commit (D:\TripO (2)\TripO\backend\node_modules\@google-cloud\firestore\build\src\write-batch.js:433:23)
    at DocumentReference.set (D:\TripO (2)\TripO\backend\node_modules\@google-cloud\firestore\build\src\reference.js:395:27)
    at D:\TripO (2)\TripO\backend\src\routes\auth.js:46:57
    at D:\TripO (2)\TripO\backend\src\middleware\index.js:105:21
    at Layer.handle [as handle_request] (D:\TripO (2)\TripO\backend\node_modules\express\lib\router\layer.js:95:5)
    at next (D:\TripO (2)\TripO\backend\node_modules\express\lib\router\route.js:149:13)
    at handleValidationErrors (D:\TripO (2)\TripO\backend\src\middleware\index.js:97:3)
    at Layer.handle [as handle_request] (D:\TripO (2)\TripO\backend\node_modules\express\lib\router\layer.js:95:5)
    at next (D:\TripO (2)\TripO\backend\node_modules\express\lib\router\route.js:149:13)
    at middleware (D:\TripO (2)\TripO\backend\node_modules\express-validator\lib\middlewares\check.js:16:13)
[2026-01-15T12:09:19.082Z] Initiating verification for nigelshivalkar6@gmail.com, uid: aONFVSpUNygkFnFTUXLSFL9TG6p2
[2026-01-15T12:09:19.083Z] Token generated
[2026-01-15T12:09:19.117Z] Got Firestore instance
[2026-01-15T12:09:21.579Z] ERROR: 16 UNAUTHENTICATED: Request had invalid authentication credentials. Expected OAuth 2 access token, login cookie or other valid authentication credential. See https://developers.google.com/identity/sign-in/web/devconsole-project.
Error: 16 UNAUTHENTICATED: Request had invalid authentication credentials. Expected OAuth 2 access token, login cookie or other valid authentication credential. See https://developers.google.com/identity/sign-in/web/devconsole-project.
    at callErrorFromStatus (D:\TripO (2)\TripO\backend\node_modules\@grpc\grpc-js\build\src\call.js:31:19)
    at Object.onReceiveStatus (D:\TripO (2)\TripO\backend\node_modules\@grpc\grpc-js\build\src\client.js:192:76)
    at Object.onReceiveStatus (D:\TripO (2)\TripO\backend\node_modules\@grpc\grpc-js\build\src\client-interceptors.js:360:141)
    at Object.onReceiveStatus (D:\TripO (2)\TripO\backend\node_modules\@grpc\grpc-js\build\src\client-interceptors.js:323:181)
    at D:\TripO (2)\TripO\backend\node_modules\@grpc\grpc-js\build\src\resolving-call.js:94:78
    at process.processTicksAndRejections (node:internal/process/task_queues:85:11)
for call at
    at ServiceClientImpl.makeUnaryRequest (D:\TripO (2)\TripO\backend\node_modules\@grpc\grpc-js\build\src\client.js:160:32)
    at ServiceClientImpl.<anonymous> (D:\TripO (2)\TripO\backend\node_modules\@grpc\grpc-js\build\src\make-client.js:105:19)
    at D:\TripO (2)\TripO\backend\node_modules\@google-cloud\firestore\build\src\v1\firestore_client.js:227:29
    at D:\TripO (2)\TripO\backend\node_modules\google-gax\build\src\normalCalls\timeout.js:44:16
    at repeat (D:\TripO (2)\TripO\backend\node_modules\google-gax\build\src\normalCalls\retries.js:80:25)
    at D:\TripO (2)\TripO\backend\node_modules\google-gax\build\src\normalCalls\retries.js:118:13
    at OngoingCallPromise.call (D:\TripO (2)\TripO\backend\node_modules\google-gax\build\src\call.js:67:27)
    at NormalApiCaller.call (D:\TripO (2)\TripO\backend\node_modules\google-gax\build\src\normalCalls\normalApiCaller.js:34:19)
    at D:\TripO (2)\TripO\backend\node_modules\google-gax\build\src\createApiCall.js:84:30
    at process.processTicksAndRejections (node:internal/process/task_queues:105:5)
Caused by: Error
    at WriteBatch.commit (D:\TripO (2)\TripO\backend\node_modules\@google-cloud\firestore\build\src\write-batch.js:433:23)
    at DocumentReference.set (D:\TripO (2)\TripO\backend\node_modules\@google-cloud\firestore\build\src\reference.js:395:27)
    at D:\TripO (2)\TripO\backend\src\routes\auth.js:46:57
    at D:\TripO (2)\TripO\backend\src\middleware\index.js:105:21
    at Layer.handle [as handle_request] (D:\TripO (2)\TripO\backend\node_modules\express\lib\router\layer.js:95:5)
    at next (D:\TripO (2)\TripO\backend\node_modules\express\lib\router\route.js:149:13)
    at handleValidationErrors (D:\TripO (2)\TripO\backend\src\middleware\index.js:97:3)
    at Layer.handle [as handle_request] (D:\TripO (2)\TripO\backend\node_modules\express\lib\router\layer.js:95:5)
    at next (D:\TripO (2)\TripO\backend\node_modules\express\lib\router\route.js:149:13)
    at middleware (D:\TripO (2)\TripO\backend\node_modules\express-validator\lib\middlewares\check.js:16:13)
[2026-01-16T04:54:18.201Z] Initiating verification for nigelshivalkar6@gmail.com, uid: 5OheSZKXbJNj3RYMcTsBmjiZ1In1
[2026-01-16T04:54:18.204Z] Token generated
[2026-01-16T04:54:18.343Z] Got Firestore instance
[2026-01-16T04:54:20.212Z] Token saved to Firestore
[2026-01-16T04:54:20.214Z] Verification link: http://localhost:5173/verify-email?token=837fdd1fca6678a4281e65719a4ff795303a739883343751051a5fe1ed2f02a9&uid=5OheSZKXbJNj3RYMcTsBmjiZ1In1
[2026-01-16T04:54:20.216Z] Sending email...
[2026-01-16T04:54:22.217Z] Email result: {"success":true,"messageId":"-UMAP3HwR_-QjXwk24Mwvg","to":"nigelshivalkar6@gmail.com"}
[2026-01-16T05:15:22.389Z] Found verification doc for uid: 5OheSZKXbJNj3RYMcTsBmjiZ1In1, token in DB: 837fdd1fca6678a4281e65719a4ff795303a739883343751051a5fe1ed2f02a9, token received: 837fdd1fca6678a4281e65719a4ff795303a739883343751051a5fe1ed2f02a9
[2026-01-16T05:17:12.127Z] No verification doc found for uid: 5OheSZKXbJNj3RYMcTsBmjiZ1In1
[2026-01-16T05:20:09.002Z] Initiating verification for nigelshivalkar6@gmail.com, uid: MFuTBs66UgghHMwjsbuVQjOgRP42
[2026-01-16T05:20:09.004Z] Token generated
[2026-01-16T05:20:09.006Z] Got Firestore instance
[2026-01-16T05:20:09.220Z] Token saved to Firestore
[2026-01-16T05:20:09.221Z] Verification link: http://localhost:5173/verify-email?token=39a299dafc078656cca606481d481a2a043619141a8a32a50717725f0040aead&uid=MFuTBs66UgghHMwjsbuVQjOgRP42
[2026-01-16T05:20:09.223Z] Sending email...
[2026-01-16T05:20:12.110Z] Email result: {"success":true,"messageId":"-um8KiULS4i2jzITEf4AlQ","to":"nigelshivalkar6@gmail.com"}
[2026-01-16T05:20:59.637Z] Initiating verification for nigelshivalkar6@gmail.com, uid: MFuTBs66UgghHMwjsbuVQjOgRP42
[2026-01-16T05:20:59.639Z] Token generated
[2026-01-16T05:20:59.642Z] Got Firestore instance
[2026-01-16T05:20:59.708Z] Token saved to Firestore
[2026-01-16T05:20:59.710Z] Verification link: http://localhost:5173/verify-email?token=4a900a392fb0bb446b798a5950c1f33494189efb6b9b0a2f2a857baf78e8dc92&uid=MFuTBs66UgghHMwjsbuVQjOgRP42
[2026-01-16T05:20:59.711Z] Sending email...
[2026-01-16T05:21:00.137Z] Email result: {"success":true,"messageId":"2sOfutvGQSalfrlcfbH44Q","to":"nigelshivalkar6@gmail.com"}
[2026-01-16T05:21:35.232Z] No verification doc found for uid: 5OheSZKXbJNj3RYMcTsBmjiZ1In1
[2026-01-16T05:21:49.584Z] No verification doc found for uid: 5OheSZKXbJNj3RYMcTsBmjiZ1In1
[2026-01-16T05:21:53.579Z] No verification doc found for uid: 5OheSZKXbJNj3RYMcTsBmjiZ1In1
[2026-01-16T05:23:38.507Z] No verification doc found for uid: 5OheSZKXbJNj3RYMcTsBmjiZ1In1
[2026-01-16T05:26:27.543Z] Initiating verification for nigelshivalkar6@gmail.com, uid: aVMg32hwTEZ3K6sVEiWKj1qZD5e2
[2026-01-16T05:26:27.547Z] Token generated
[2026-01-16T05:26:27.548Z] Got Firestore instance
[2026-01-16T05:26:27.628Z] Token saved to Firestore
[2026-01-16T05:26:27.630Z] Verification link: http://localhost:5173/verify-email?token=ed44c5140226465f3d4fca9a9a1445d07558519e685f46947abb6bce232e2e15&uid=aVMg32hwTEZ3K6sVEiWKj1qZD5e2
[2026-01-16T05:26:27.631Z] Sending email...
[2026-01-16T05:26:28.783Z] Email result: {"success":true,"messageId":"GtTrUgoFTUu1koYDtNXX8Q","to":"nigelshivalkar6@gmail.com"}
[2026-01-16T05:26:52.828Z] No verification doc found for uid: MFuTBs66UgghHMwjsbuVQjOgRP42
[2026-01-16T05:31:26.789Z] No verification doc found for uid: 5OheSZKXbJNj3RYMcTsBmjiZ1In1
[2026-01-16T05:32:36.794Z] No verification doc found for uid: 5OheSZKXbJNj3RYMcTsBmjiZ1In1
[2026-01-16T05:32:36.865Z] User 5OheSZKXbJNj3RYMcTsBmjiZ1In1 is already verified in Firestore
[2026-01-16T05:34:07.381Z] No verification doc found for uid: MFuTBs66UgghHMwjsbuVQjOgRP42
[2026-01-16T05:34:09.053Z] No verification doc found for uid: MFuTBs66UgghHMwjsbuVQjOgRP42
[2026-01-16T05:34:09.912Z] No verification doc found for uid: MFuTBs66UgghHMwjsbuVQjOgRP42
[2026-01-16T05:34:10.571Z] No verification doc found for uid: MFuTBs66UgghHMwjsbuVQjOgRP42
[2026-01-16T05:34:13.477Z] No verification doc found for uid: MFuTBs66UgghHMwjsbuVQjOgRP42
[2026-01-16T05:38:13.216Z] Initiating verification for projecttripo08@gmail.com, uid: 0g1hJZfgotewPh6bheuVib9ev2C2
[2026-01-16T05:38:13.220Z] Token generated
[2026-01-16T05:38:13.222Z] Got Firestore instance
[2026-01-16T05:38:13.337Z] Token saved to Firestore
[2026-01-16T05:38:13.340Z] Verification link: http://localhost:5173/verify-email?token=03ea15cd8224e5b46b7fce74855409c768b5948f1a2d6ddafeade47df65c00fe&uid=0g1hJZfgotewPh6bheuVib9ev2C2
[2026-01-16T05:38:13.342Z] Sending email...
[2026-01-16T05:38:18.459Z] Email result: {"success":true,"messageId":"bogBegNmS_6hzYI8MM2Hzg","to":"projecttripo08@gmail.com"}
[2026-01-16T05:43:26.103Z] Initiating verification for projecttripo08@gmail.com, uid: Ks9vyR6OtoN9c26gtLGALAiuAUg2
[2026-01-16T05:43:26.106Z] Token generated
[2026-01-16T05:43:26.108Z] Got Firestore instance
[2026-01-16T05:43:26.187Z] Token saved to Firestore
[2026-01-16T05:43:26.188Z] Verification link: http://localhost:5173/verify-email?token=6407d7cc2f522bb57bf9877874306fe41094127969cd2124eb04fdb75647ed7f&uid=Ks9vyR6OtoN9c26gtLGALAiuAUg2
[2026-01-16T05:43:26.190Z] Sending email...
[2026-01-16T05:43:27.845Z] Email result: {"success":true,"messageId":"bRBNe4i-SlOchTL9dGLZVQ","to":"projecttripo08@gmail.com"}
[2026-01-16T08:46:14.565Z] Initiating verification for test_a404e77166b20bd2@example.com, uid: test_a404e77166b20bd2
[2026-01-16T08:46:14.569Z] Token generated
[2026-01-16T08:46:14.570Z] Got Firestore instance
[2026-01-16T08:46:15.071Z] Token saved to Firestore
[2026-01-16T08:46:15.072Z] Verification link: http://localhost:5173/verify-email?token=1093be88f098c8b020b1713df5abf2551656dc7793bbc017a0c52f46a169b262&uid=test_a404e77166b20bd2
[2026-01-16T08:46:15.072Z] Sending email...
[2026-01-16T08:46:16.670Z] Email result: {"success":true,"messageId":"a3Qn7_ddQmW-m5fD2996BA","to":"test_a404e77166b20bd2@example.com"}
[2026-01-16T08:46:18.764Z] [CONFIRM_VERIFICATION] Request received for uid: test_a404e77166b20bd2, token: 1093be88f098c8b020b1713df5abf2551656dc7793bbc017a0c52f46a169b262
[2026-01-16T08:46:18.958Z] [CONFIRM_VERIFICATION] Found verification doc. Token in DB: 1093be88f098c8b020b1713df5abf2551656dc7793bbc017a0c52f46a169b262
[2026-01-16T08:46:18.959Z] [CONFIRM_VERIFICATION] Updating Firebase Auth...
[2026-01-16T08:46:20.075Z] [CONFIRM_VERIFICATION] ERROR: There is no user record corresponding to the provided identifier.
Error: There is no user record corresponding to the provided identifier.
    at FirebaseAuthError.fromServerError (D:\TripO (2)\TripO\backend\node_modules\firebase-admin\lib\utils\error.js:146:16)
    at D:\TripO (2)\TripO\backend\node_modules\firebase-admin\lib\auth\auth-api-request.js:1628:49
    at process.processTicksAndRejections (node:internal/process/task_queues:105:5)
    at async D:\TripO (2)\TripO\backend\src\routes\auth.js:161:5
[2026-01-16T08:46:20.147Z] [CONFIRM_VERIFICATION] Request received for uid: test_a404e77166b20bd2, token: 1093be88f098c8b020b1713df5abf2551656dc7793bbc017a0c52f46a169b262
[2026-01-16T08:46:20.293Z] [CONFIRM_VERIFICATION] Found verification doc. Token in DB: 1093be88f098c8b020b1713df5abf2551656dc7793bbc017a0c52f46a169b262
[2026-01-16T08:46:20.294Z] [CONFIRM_VERIFICATION] Updating Firebase Auth...
[2026-01-16T08:46:20.697Z] [CONFIRM_VERIFICATION] ERROR: There is no user record corresponding to the provided identifier.
Error: There is no user record corresponding to the provided identifier.
    at FirebaseAuthError.fromServerError (D:\TripO (2)\TripO\backend\node_modules\firebase-admin\lib\utils\error.js:146:16)
    at D:\TripO (2)\TripO\backend\node_modules\firebase-admin\lib\auth\auth-api-request.js:1628:49
    at process.processTicksAndRejections (node:internal/process/task_queues:105:5)
    at async D:\TripO (2)\TripO\backend\src\routes\auth.js:161:5
[2026-01-16T08:57:41.399Z] Initiating verification for projecttripo08@gmail.com, uid: 4RpOzMbJL9fAl03AIxKmZyrWBwl2
[2026-01-16T08:57:41.400Z] Token generated
[2026-01-16T08:57:41.436Z] Got Firestore instance
[2026-01-16T08:57:42.269Z] Token saved to Firestore
[2026-01-16T08:57:42.270Z] Verification link: http://localhost:5173/verify-email?token=b0b5e5e6c911710dff35c43dc3ba4069f3bf387b1dd682b010e26b2053d2ba51&uid=4RpOzMbJL9fAl03AIxKmZyrWBwl2
[2026-01-16T08:57:42.271Z] Sending email...
[2026-01-16T08:57:43.694Z] Email result: {"success":true,"messageId":"hNt-60jpRHe3vQA8B5dTsw","to":"projecttripo08@gmail.com"}
[2026-01-16T08:58:23.885Z] [CONFIRM_VERIFICATION] Request received for uid: 4RpOzMbJL9fAl03AIxKmZyrWBwl2, token: b0b5e5e6c911710dff35c43dc3ba4069f3bf387b1dd682b010e26b2053d2ba51
[2026-01-16T08:58:24.023Z] [CONFIRM_VERIFICATION] Found verification doc. Token in DB: b0b5e5e6c911710dff35c43dc3ba4069f3bf387b1dd682b010e26b2053d2ba51
[2026-01-16T08:58:24.024Z] [CONFIRM_VERIFICATION] Updating Firebase Auth...
[2026-01-16T08:58:25.119Z] [CONFIRM_VERIFICATION] Updating Firestore verification status...
[2026-01-16T08:58:25.552Z] [CONFIRM_VERIFICATION] Checking/Creating Transport Provider...
[2026-01-16T08:58:26.100Z] [CONFIRM_VERIFICATION] Syncing Provider...
[2026-01-16T08:58:26.963Z] [CONFIRM_VERIFICATION] Deleting token doc...
[2026-01-16T08:58:27.095Z] [CONFIRM_VERIFICATION] Verification successful!
[2026-01-16T09:12:40.154Z] [CONFIRM_VERIFICATION] Request received for uid: 4RpOzMbJL9fAl03AIxKmZyrWBwl2, token: b0b5e5e6c911710dff35c43dc3ba4069f3bf387b1dd682b010e26b2053d2ba51
[2026-01-16T09:12:40.313Z] [CONFIRM_VERIFICATION] No verification doc found for uid: 4RpOzMbJL9fAl03AIxKmZyrWBwl2
[2026-01-16T09:12:40.965Z] [CONFIRM_VERIFICATION] User 4RpOzMbJL9fAl03AIxKmZyrWBwl2 is already verified in Firebase Auth (Returning Success)
[2026-01-16T09:15:42.741Z] [CONFIRM_VERIFICATION] Request received for uid: 4RpOzMbJL9fAl03AIxKmZyrWBwl2, token: b0b5e5e6c911710dff35c43dc3ba4069f3bf387b1dd682b010e26b2053d2ba51
[2026-01-16T09:15:42.891Z] [CONFIRM_VERIFICATION] No verification doc found for uid: 4RpOzMbJL9fAl03AIxKmZyrWBwl2
[2026-01-16T09:15:43.555Z] [CONFIRM_VERIFICATION] User 4RpOzMbJL9fAl03AIxKmZyrWBwl2 is already verified in Firebase Auth (Returning Success)
[2026-01-16T09:18:08.949Z] [CONFIRM_VERIFICATION] Request received for uid: 4RpOzMbJL9fAl03AIxKmZyrWBwl2, token: b0b5e5e6c911710dff35c43dc3ba4069f3bf387b1dd682b010e26b2053d2ba51
[2026-01-16T09:18:09.135Z] [CONFIRM_VERIFICATION] No verification doc found for uid: 4RpOzMbJL9fAl03AIxKmZyrWBwl2
[2026-01-16T09:18:09.762Z] [CONFIRM_VERIFICATION] User 4RpOzMbJL9fAl03AIxKmZyrWBwl2 is already verified in Firebase Auth (Returning Success)
[2026-01-16T09:18:40.299Z] [CONFIRM_VERIFICATION] Request received for uid: 4RpOzMbJL9fAl03AIxKmZyrWBwl2, token: b0b5e5e6c911710dff35c43dc3ba4069f3bf387b1dd682b010e26b2053d2ba51
[2026-01-16T09:18:40.487Z] [CONFIRM_VERIFICATION] No verification doc found for uid: 4RpOzMbJL9fAl03AIxKmZyrWBwl2
[2026-01-16T09:18:41.271Z] [CONFIRM_VERIFICATION] User 4RpOzMbJL9fAl03AIxKmZyrWBwl2 is already verified in Firebase Auth (Returning Success)
[2026-01-16T09:27:37.244Z] [CONFIRM_VERIFICATION] Request received for uid: 4RpOzMbJL9fAl03AIxKmZyrWBwl2, token: b0b5e5e6c911710dff35c43dc3ba4069f3bf387b1dd682b010e26b2053d2ba51
[2026-01-16T09:27:37.389Z] [CONFIRM_VERIFICATION] No verification doc found for uid: 4RpOzMbJL9fAl03AIxKmZyrWBwl2
[2026-01-16T09:27:38.115Z] [CONFIRM_VERIFICATION] User 4RpOzMbJL9fAl03AIxKmZyrWBwl2 is already verified in Firebase Auth (Returning Success)
[2026-01-16T09:28:00.506Z] [CONFIRM_VERIFICATION] Request received for uid: 4RpOzMbJL9fAl03AIxKmZyrWBwl2, token: b0b5e5e6c911710dff35c43dc3ba4069f3bf387b1dd682b010e26b2053d2ba51
[2026-01-16T09:28:00.710Z] [CONFIRM_VERIFICATION] No verification doc found for uid: 4RpOzMbJL9fAl03AIxKmZyrWBwl2
[2026-01-16T09:28:01.469Z] [CONFIRM_VERIFICATION] User 4RpOzMbJL9fAl03AIxKmZyrWBwl2 is already verified in Firebase Auth (Returning Success)
[2026-01-16T09:28:08.922Z] [CONFIRM_VERIFICATION] Request received for uid: 4RpOzMbJL9fAl03AIxKmZyrWBwl2, token: b0b5e5e6c911710dff35c43dc3ba4069f3bf387b1dd682b010e26b2053d2ba51
[2026-01-16T09:28:09.104Z] [CONFIRM_VERIFICATION] No verification doc found for uid: 4RpOzMbJL9fAl03AIxKmZyrWBwl2
[2026-01-16T09:28:09.955Z] [CONFIRM_VERIFICATION] User 4RpOzMbJL9fAl03AIxKmZyrWBwl2 is already verified in Firebase Auth (Returning Success)
[2026-01-16T09:28:10.979Z] [CONFIRM_VERIFICATION] Request received for uid: 4RpOzMbJL9fAl03AIxKmZyrWBwl2, token: b0b5e5e6c911710dff35c43dc3ba4069f3bf387b1dd682b010e26b2053d2ba51
[2026-01-16T09:28:11.195Z] [CONFIRM_VERIFICATION] No verification doc found for uid: 4RpOzMbJL9fAl03AIxKmZyrWBwl2
[2026-01-16T09:28:11.223Z] [CONFIRM_VERIFICATION] Request received for uid: 4RpOzMbJL9fAl03AIxKmZyrWBwl2, token: b0b5e5e6c911710dff35c43dc3ba4069f3bf387b1dd682b010e26b2053d2ba51
[2026-01-16T09:28:11.359Z] [CONFIRM_VERIFICATION] No verification doc found for uid: 4RpOzMbJL9fAl03AIxKmZyrWBwl2
[2026-01-16T09:28:11.492Z] [CONFIRM_VERIFICATION] Request received for uid: 4RpOzMbJL9fAl03AIxKmZyrWBwl2, token: b0b5e5e6c911710dff35c43dc3ba4069f3bf387b1dd682b010e26b2053d2ba51
[2026-01-16T09:28:11.604Z] [CONFIRM_VERIFICATION] User 4RpOzMbJL9fAl03AIxKmZyrWBwl2 is already verified in Firebase Auth (Returning Success)
[2026-01-16T09:28:11.654Z] [CONFIRM_VERIFICATION] No verification doc found for uid: 4RpOzMbJL9fAl03AIxKmZyrWBwl2
[2026-01-16T09:28:11.956Z] [CONFIRM_VERIFICATION] User 4RpOzMbJL9fAl03AIxKmZyrWBwl2 is already verified in Firebase Auth (Returning Success)
[2026-01-16T09:28:12.100Z] [CONFIRM_VERIFICATION] User 4RpOzMbJL9fAl03AIxKmZyrWBwl2 is already verified in Firebase Auth (Returning Success)
[2026-01-16T09:28:12.678Z] [CONFIRM_VERIFICATION] Request received for uid: 4RpOzMbJL9fAl03AIxKmZyrWBwl2, token: b0b5e5e6c911710dff35c43dc3ba4069f3bf387b1dd682b010e26b2053d2ba51
[2026-01-16T09:28:12.815Z] [CONFIRM_VERIFICATION] No verification doc found for uid: 4RpOzMbJL9fAl03AIxKmZyrWBwl2
[2026-01-16T09:28:13.262Z] [CONFIRM_VERIFICATION] User 4RpOzMbJL9fAl03AIxKmZyrWBwl2 is already verified in Firebase Auth (Returning Success)
[2026-01-16T09:40:09.440Z] Initiating verification for nigelshivalkar6@gmail.com, uid: 76ZXAY61jXOCKwgUv8Wamw2sf453
[2026-01-16T09:40:09.443Z] Token generated
[2026-01-16T09:40:09.445Z] Got Firestore instance
[2026-01-16T09:40:09.603Z] Token saved to Firestore
[2026-01-16T09:40:09.605Z] Verification link: http://localhost:5173/verify-email?token=80ea3188db6827fcbab46989b29c9b78a4f805857e4e13902e2d23e7b78510d0&uid=76ZXAY61jXOCKwgUv8Wamw2sf453
[2026-01-16T09:40:09.606Z] Sending email...
[2026-01-16T09:40:16.497Z] Email result: {"success":true,"messageId":"yG4W0c5-Ttes-rCXJREbtw","to":"nigelshivalkar6@gmail.com"}
[2026-01-16T09:41:08.220Z] [CONFIRM_VERIFICATION] Request received for uid: MFuTBs66UgghHMwjsbuVQjOgRP42, token: 39a299dafc078656cca606481d481a2a043619141a8a32a50717725f0040aead
[2026-01-16T09:41:08.418Z] [CONFIRM_VERIFICATION] No verification doc found for uid: MFuTBs66UgghHMwjsbuVQjOgRP42
[2026-01-16T09:41:09.364Z] [CONFIRM_VERIFICATION] Failed to check Auth status: There is no user record corresponding to the provided identifier.
[2026-01-16T09:41:09.735Z] [CONFIRM_VERIFICATION] User found in Firestore: verified.email=false
[2026-01-16T09:41:09.737Z] [CONFIRM_VERIFICATION] User MFuTBs66UgghHMwjsbuVQjOgRP42 exists but is NOT verified (Returning INVALID_TOKEN)
[2026-01-16T09:44:39.410Z] Initiating verification for nigelshivalkar6@gmail.com, uid: 76ZXAY61jXOCKwgUv8Wamw2sf453
[2026-01-16T09:44:39.413Z] Token generated
[2026-01-16T09:44:39.414Z] Got Firestore instance
[2026-01-16T09:44:39.484Z] Token saved to Firestore
[2026-01-16T09:44:39.486Z] Verification link: http://localhost:5173/verify-email?token=32d2a4a523649e44f44baf2565b0c8bbdf57260282b3390a45da7d535c0b91ac&uid=76ZXAY61jXOCKwgUv8Wamw2sf453
[2026-01-16T09:44:39.487Z] Sending email...
[2026-01-16T09:44:41.147Z] Email result: {"success":true,"messageId":"yIgb-jlURnyER3wkc26iHw","to":"nigelshivalkar6@gmail.com"}
[2026-01-16T09:45:49.524Z] Initiating verification for nigelshivalkar7@gmail.com, uid: efa3VUYzR5RI4dgcv0kE3V8Ufra2
[2026-01-16T09:45:49.526Z] Token generated
[2026-01-16T09:45:49.528Z] Got Firestore instance
[2026-01-16T09:45:49.616Z] Token saved to Firestore
[2026-01-16T09:45:49.618Z] Verification link: http://localhost:5173/verify-email?token=c2eefeb72e70ee02d17ba15a88aadb4a0d3da915816bdda4ce8a3bdc48a6dece&uid=efa3VUYzR5RI4dgcv0kE3V8Ufra2
[2026-01-16T09:45:49.620Z] Sending email...
[2026-01-16T09:45:50.930Z] Email result: {"success":true,"messageId":"4ebpmN_SR-6p_atulbArmA","to":"nigelshivalkar7@gmail.com"}
[2026-01-16T09:53:05.990Z] Initiating verification for nigelshivalkar7@gmail.com, uid: 9xIXyyYK2ObGHgz3NFvKU5ZohSg2
[2026-01-16T09:53:05.995Z] Token generated
[2026-01-16T09:53:05.996Z] Got Firestore instance
[2026-01-16T09:53:06.113Z] Token saved to Firestore
[2026-01-16T09:53:06.114Z] Verification link: http://localhost:5173/verify-email?token=f73bbdd441ab48f3e85ecbbf771830952d6442c3f68ef9886abb4e6ab3efc17b&uid=9xIXyyYK2ObGHgz3NFvKU5ZohSg2
[2026-01-16T09:53:06.115Z] Sending email...
[2026-01-16T09:53:07.330Z] Email result: {"success":true,"messageId":"hFUv2SRtQTaNGLr-5tnB7w","to":"nigelshivalkar7@gmail.com"}
[2026-01-16T09:54:48.414Z] [CONFIRM_VERIFICATION] Request received for uid: efa3VUYzR5RI4dgcv0kE3V8Ufra2, token: c2eefeb72e70ee02d17ba15a88aadb4a0d3da915816bdda4ce8a3bdc48a6dece
[2026-01-16T09:54:48.567Z] [CONFIRM_VERIFICATION] No verification doc found for uid: efa3VUYzR5RI4dgcv0kE3V8Ufra2
[2026-01-16T09:54:49.450Z] [CONFIRM_VERIFICATION] Failed to check Auth status: There is no user record corresponding to the provided identifier.
[2026-01-16T09:54:49.559Z] [CONFIRM_VERIFICATION] Failed to check Firestore user status for efa3VUYzR5RI4dgcv0kE3V8Ufra2: User not found
[2026-01-16T10:05:30.403Z] Initiating verification for nigelshivalkar7@gmail.com, uid: OpzFa8ckBldDL2o5s894O4UX1vF3
[2026-01-16T10:05:30.407Z] Token generated
[2026-01-16T10:05:30.408Z] Got Firestore instance
[2026-01-16T10:05:30.743Z] Token saved to Firestore
[2026-01-16T10:05:30.745Z] Verification link: http://localhost:5173/verify-email?token=7a805f8d96741d81445efa0e6895e7585c4d5aa4f75311fde0dabefd87119613&uid=OpzFa8ckBldDL2o5s894O4UX1vF3
[2026-01-16T10:05:30.747Z] Sending email...
[2026-01-16T10:05:33.738Z] Email result: {"success":true,"messageId":"wqhAmIGDRlG9W06tGDkjqw","to":"nigelshivalkar7@gmail.com"}
[2026-01-16T10:08:38.452Z] [CONFIRM_VERIFICATION] Request received for uid: OpzFa8ckBldDL2o5s894O4UX1vF3, token: 7a805f8d96741d81445efa0e6895e7585c4d5aa4f75311fde0dabefd87119613
[2026-01-16T10:08:39.797Z] [CONFIRM_VERIFICATION] Found verification doc. Token in DB: 7a805f8d96741d81445efa0e6895e7585c4d5aa4f75311fde0dabefd87119613
[2026-01-16T10:08:39.799Z] [CONFIRM_VERIFICATION] Updating Firebase Auth...
[2026-01-16T10:08:46.564Z] [CONFIRM_VERIFICATION] Updating Firestore verification status...
[2026-01-16T10:08:49.383Z] [CONFIRM_VERIFICATION] Checking/Creating Transport Provider...
[2026-01-16T10:08:54.252Z] [CONFIRM_VERIFICATION] Syncing Provider...
[2026-01-16T10:08:58.782Z] [CONFIRM_VERIFICATION] Deleting token doc...
[2026-01-16T10:08:59.193Z] [CONFIRM_VERIFICATION] Verification successful!
[2026-01-16T10:11:25.013Z] Initiating verification for projecttripo08@gmail.com, uid: P2UfURY7C7OToWDuHQFm0JMG0y43
[2026-01-16T10:11:25.015Z] Token generated
[2026-01-16T10:11:25.016Z] Got Firestore instance
[2026-01-16T10:11:25.366Z] Token saved to Firestore
[2026-01-16T10:11:25.367Z] Verification link: http://localhost:5173/verify-email?token=66abb1d484889f6301bd883d8f05ad3edb4ed200ce4763e645c981c7462b4de8&uid=P2UfURY7C7OToWDuHQFm0JMG0y43
[2026-01-16T10:11:25.368Z] Sending email...
[2026-01-16T10:11:30.142Z] Email result: {"success":true,"messageId":"K5Gv3p0eT1-SbS3T8QqPpQ","to":"projecttripo08@gmail.com"}
[2026-01-16T10:12:24.690Z] [CONFIRM_VERIFICATION] Request received for uid: 0g1hJZfgotewPh6bheuVib9ev2C2, token: 03ea15cd8224e5b46b7fce74855409c768b5948f1a2d6ddafeade47df65c00fe
[2026-01-16T10:12:25.136Z] [CONFIRM_VERIFICATION] No verification doc found for uid: 0g1hJZfgotewPh6bheuVib9ev2C2
[2026-01-16T10:12:30.616Z] [CONFIRM_VERIFICATION] Failed to check Auth status: There is no user record corresponding to the provided identifier.
[2026-01-16T10:12:31.242Z] [CONFIRM_VERIFICATION] Failed to check Firestore user status for 0g1hJZfgotewPh6bheuVib9ev2C2: User not found
[2026-01-16T10:24:34.056Z] [CONFIRM_VERIFICATION] Request received for uid: P2UfURY7C7OToWDuHQFm0JMG0y43, token: 66abb1d484889f6301bd883d8f05ad3edb4ed200ce4763e645c981c7462b4de8
[2026-01-16T10:24:34.405Z] [CONFIRM_VERIFICATION] Found verification doc. Token in DB: 66abb1d484889f6301bd883d8f05ad3edb4ed200ce4763e645c981c7462b4de8
[2026-01-16T10:24:34.407Z] [CONFIRM_VERIFICATION] Updating Firebase Auth...
[2026-01-16T10:24:35.281Z] [CONFIRM_VERIFICATION] Updating Firestore verification status...
[2026-01-16T10:24:35.688Z] [CONFIRM_VERIFICATION] Checking/Creating Transport Provider...
[2026-01-16T10:24:36.163Z] [CONFIRM_VERIFICATION] Syncing Provider...
[2026-01-16T10:24:36.809Z] [CONFIRM_VERIFICATION] Deleting token doc...
[2026-01-16T10:24:36.945Z] [CONFIRM_VERIFICATION] Verification successful!
[2026-01-16T10:30:02.125Z] [CONFIRM_VERIFICATION] Request received for uid: P2UfURY7C7OToWDuHQFm0JMG0y43, token: 66abb1d484889f6301bd883d8f05ad3edb4ed200ce4763e645c981c7462b4de8
[2026-01-16T10:30:02.215Z] [CONFIRM_VERIFICATION] No verification doc found for uid: P2UfURY7C7OToWDuHQFm0JMG0y43
[2026-01-16T10:30:03.588Z] [CONFIRM_VERIFICATION] User P2UfURY7C7OToWDuHQFm0JMG0y43 is already verified in Firebase Auth (Returning Success)
[2026-01-16T16:16:23.950Z] Initiating verification for snetwork963@gmail.com, uid: AoEuY0Xb2Td7zW3rkD1kSM0ZsrI2
[2026-01-16T16:16:23.955Z] Token generated
[2026-01-16T16:16:23.957Z] Got Firestore instance
[2026-01-16T16:16:24.145Z] Token saved to Firestore
[2026-01-16T16:16:24.147Z] Verification link: http://localhost:5173/verify-email?token=1dbd8b1b223820c64ac3c2eb7bf0b01241b995700e5fd33ee4328d8224e2bce0&uid=AoEuY0Xb2Td7zW3rkD1kSM0ZsrI2
[2026-01-16T16:16:24.148Z] Sending email...
[2026-01-16T16:16:25.785Z] Email result: {"success":true,"messageId":"zHAGSoK_Tv6HOP5-zOhwRw","to":"snetwork963@gmail.com"}
[2026-01-16T16:17:02.113Z] [CONFIRM_VERIFICATION] Request received for uid: fxUofA2JZsPNYRdp65HWgWgKT0s2, token: 120319044c8638252aebd81db1376b6947ac9cbee5d45a57ce03dd44a7ef5c8a
[2026-01-16T16:17:02.259Z] [CONFIRM_VERIFICATION] No verification doc found for uid: fxUofA2JZsPNYRdp65HWgWgKT0s2
[2026-01-16T16:17:02.942Z] [CONFIRM_VERIFICATION] Failed to check Auth status: There is no user record corresponding to the provided identifier.
[2026-01-16T16:17:03.142Z] [CONFIRM_VERIFICATION] Failed to check Firestore user status for fxUofA2JZsPNYRdp65HWgWgKT0s2: User not found
[2026-01-16T16:20:14.564Z] Initiating verification for snetwork963@gmail.com, uid: AoEuY0Xb2Td7zW3rkD1kSM0ZsrI2
[2026-01-16T16:20:14.566Z] Token generated
[2026-01-16T16:20:14.567Z] Got Firestore instance
[2026-01-16T16:20:14.704Z] Token saved to Firestore
[2026-01-16T16:20:14.705Z] Verification link: http://localhost:5173/verify-email?token=f4d102d349ba76b5a8dc0ff75a5d6bf10db0f524203cd96173bcdeeceab13eeb&uid=AoEuY0Xb2Td7zW3rkD1kSM0ZsrI2
[2026-01-16T16:20:14.707Z] Sending email...
[2026-01-16T16:20:16.170Z] Email result: {"success":true,"messageId":"ihr2jJATSmGv2pQX3vBCfg","to":"snetwork963@gmail.com"}
[2026-01-16T16:23:21.637Z] Initiating verification for snetwork963@gmail.com, uid: AoEuY0Xb2Td7zW3rkD1kSM0ZsrI2
[2026-01-16T16:23:21.639Z] Token generated
[2026-01-16T16:23:21.641Z] Got Firestore instance
[2026-01-16T16:23:21.781Z] Token saved to Firestore
[2026-01-16T16:23:21.783Z] Verification link: http://localhost:5173/verify-email?token=f3857e7c897473da1001413bec97d471f5838260ac960b695c4a12bac7039812&uid=AoEuY0Xb2Td7zW3rkD1kSM0ZsrI2
[2026-01-16T16:23:21.784Z] Sending email...
[2026-01-16T16:23:24.029Z] Email result: {"success":true,"messageId":"98cAyx6xS7mh-mu8mMuhFg","to":"snetwork963@gmail.com"}
[2026-01-17T06:02:40.757Z] Initiating verification for snetwork963@gmail.com, uid: AoEuY0Xb2Td7zW3rkD1kSM0ZsrI2
[2026-01-17T06:02:40.759Z] Token generated
[2026-01-17T06:02:40.854Z] Got Firestore instance
[2026-01-17T06:02:42.166Z] Token saved to Firestore
[2026-01-17T06:02:42.167Z] Verification link: http://localhost:5173/verify-email?token=1ada95e46097372016105cd7826c4e9de6e5fbb6c6919010065cf4a8abbd4370&uid=AoEuY0Xb2Td7zW3rkD1kSM0ZsrI2
[2026-01-17T06:02:42.168Z] Sending email...
[2026-01-17T06:02:43.513Z] Email result: {"success":true,"messageId":"szvDwa3eQ5OI1fc39gBrJQ","to":"snetwork963@gmail.com"}
[2026-01-20T09:04:23.434Z] Initiating verification for pranavtamhanekar76@gmail.com, uid: ulD9VJeUooapJmZNf69cTwMyyds2
[2026-01-20T09:04:23.435Z] Token generated
[2026-01-20T09:04:23.463Z] Got Firestore instance
[2026-01-20T09:04:23.965Z] Token saved to Firestore
[2026-01-20T09:04:23.965Z] Verification link: http://localhost:5173/verify-email?token=2246dce5a65e3ee9ed7c9b55ef6fc885b1b1377d07cdc98f768750bc4fb1f156&uid=ulD9VJeUooapJmZNf69cTwMyyds2
[2026-01-20T09:04:23.966Z] Sending email...
[2026-01-20T09:04:25.401Z] Email result: {"success":true,"messageId":"IPQRXLE8SiODCwy4Baz91A","to":"pranavtamhanekar76@gmail.com"}
[2026-01-20T09:09:12.948Z] [CONFIRM_VERIFICATION] Request received for uid: ulD9VJeUooapJmZNf69cTwMyyds2, token: 2246dce5a65e3ee9ed7c9b55ef6fc885b1b1377d07cdc98f768750bc4fb1f156
[2026-01-20T09:09:13.055Z] [CONFIRM_VERIFICATION] Found verification doc. Token in DB: 2246dce5a65e3ee9ed7c9b55ef6fc885b1b1377d07cdc98f768750bc4fb1f156
[2026-01-20T09:09:13.056Z] [CONFIRM_VERIFICATION] Updating Firebase Auth...
[2026-01-20T09:09:13.882Z] [CONFIRM_VERIFICATION] Updating Firestore verification status...
[2026-01-20T09:09:14.051Z] [CONFIRM_VERIFICATION] Deleting token doc...
[2026-01-20T09:09:14.134Z] [CONFIRM_VERIFICATION] Verification successful!
[2026-01-20T09:30:03.420Z] Initiating verification for nigelshivalkar6@gmail.com, uid: Xm62v88e2UXeiKpFpZIxyAXxfjS2
[2026-01-20T09:30:03.424Z] Token generated
[2026-01-20T09:30:03.425Z] Got Firestore instance
[2026-01-20T09:30:03.505Z] Token saved to Firestore
[2026-01-20T09:30:03.507Z] Verification link: http://localhost:5173/verify-email?token=7a5249dd804704ab65e81c49b10a8cf8db0c8c36e8e53280e591b871dcb96b53&uid=Xm62v88e2UXeiKpFpZIxyAXxfjS2
[2026-01-20T09:30:03.508Z] Sending email...
[2026-01-20T09:30:05.138Z] Email result: {"success":true,"messageId":"O6F9sMCxTwWh1vX1sZwuKw","to":"nigelshivalkar6@gmail.com"}
[2026-01-20T09:48:03.029Z] [CONFIRM_VERIFICATION] Request received for uid: Xm62v88e2UXeiKpFpZIxyAXxfjS2, token: 7a5249dd804704ab65e81c49b10a8cf8db0c8c36e8e53280e591b871dcb96b53
[2026-01-20T09:48:03.161Z] [CONFIRM_VERIFICATION] Found verification doc. Token in DB: 7a5249dd804704ab65e81c49b10a8cf8db0c8c36e8e53280e591b871dcb96b53
[2026-01-20T09:48:03.162Z] [CONFIRM_VERIFICATION] Updating Firebase Auth...
[2026-01-20T09:48:04.028Z] [CONFIRM_VERIFICATION] Updating Firestore verification status...
[2026-01-20T09:48:04.306Z] [CONFIRM_VERIFICATION] Deleting token doc...
[2026-01-20T09:48:04.385Z] [CONFIRM_VERIFICATION] Verification successful!
[2026-01-23T05:18:35.068Z] Initiating verification for nicorobin1055@gmail.com, uid: bvVUt7w4Y9Mx9ZgLVXRkbgmvPMy1
[2026-01-23T05:18:35.073Z] Token generated
[2026-01-23T05:18:35.075Z] Got Firestore instance
[2026-01-23T05:18:35.178Z] Token saved to Firestore
[2026-01-23T05:18:35.180Z] Verification link: http://localhost:5173/verify-email?token=37f57456303ce4ee157a39d9b3f50307d0a1bf7ec8f791746f5a69756f631982&uid=bvVUt7w4Y9Mx9ZgLVXRkbgmvPMy1
[2026-01-23T05:18:35.182Z] Sending email...
[2026-01-23T05:18:37.081Z] Email result: {"success":true,"messageId":"7LdnsVvgSGKrv1mwv0hIaw","to":"nicorobin1055@gmail.com"}
[2026-01-23T05:21:19.609Z] Initiating verification for nigelshivalkar7@gmail.com, uid: fsMCgyZ0bvORbWHvAVPcTobXLKm1
[2026-01-23T05:21:19.610Z] Token generated
[2026-01-23T05:21:19.612Z] Got Firestore instance
[2026-01-23T05:21:19.672Z] Token saved to Firestore
[2026-01-23T05:21:19.674Z] Verification link: http://localhost:5173/verify-email?token=4fd3e0c32d2de25ef6bb07a17c6ff70d76c3e032b06a7c2a346ce6d07b0f2584&uid=fsMCgyZ0bvORbWHvAVPcTobXLKm1
[2026-01-23T05:21:19.675Z] Sending email...
[2026-01-23T05:21:20.369Z] Email result: {"success":true,"messageId":"wV_3-3VtTe-EPsABt6wz2g","to":"nigelshivalkar7@gmail.com"}
[2026-01-23T05:23:59.246Z] Initiating verification for vyosim.priti.t@gmail.com, uid: 07NgNiEQn0h5tckr2iO7mR1jd672
[2026-01-23T05:23:59.248Z] Token generated
[2026-01-23T05:23:59.249Z] Got Firestore instance
[2026-01-23T05:23:59.326Z] Token saved to Firestore
[2026-01-23T05:23:59.328Z] Verification link: http://localhost:5173/verify-email?token=9ee8ccbc6ad855dc2b565c26adad9e5478b795e90f6998ddbf74a49170f90acf&uid=07NgNiEQn0h5tckr2iO7mR1jd672
[2026-01-23T05:23:59.329Z] Sending email...
[2026-01-23T05:24:00.406Z] Email result: {"success":true,"messageId":"1VctrzjVQ_q1Atksr_lTsQ","to":"vyosim.priti.t@gmail.com"}
[2026-01-23T05:24:24.007Z] [CONFIRM_VERIFICATION] Request received for uid: 07NgNiEQn0h5tckr2iO7mR1jd672, token: 9ee8ccbc6ad855dc2b565c26adad9e5478b795e90f6998ddbf74a49170f90acf
[2026-01-23T05:24:24.062Z] [CONFIRM_VERIFICATION] Found verification doc. Token in DB: 9ee8ccbc6ad855dc2b565c26adad9e5478b795e90f6998ddbf74a49170f90acf
[2026-01-23T05:24:24.063Z] [CONFIRM_VERIFICATION] Updating Firebase Auth...
[2026-01-23T05:24:24.813Z] [CONFIRM_VERIFICATION] Updating Firestore verification status...
[2026-01-23T05:24:24.960Z] [CONFIRM_VERIFICATION] Checking/Creating Transport Provider...
[2026-01-23T05:24:25.401Z] [CONFIRM_VERIFICATION] Syncing Provider...
[2026-01-23T05:24:25.896Z] [CONFIRM_VERIFICATION] Deleting token doc...
[2026-01-23T05:24:25.948Z] [CONFIRM_VERIFICATION] Verification successful!
[2026-01-23T05:24:55.216Z] [CONFIRM_VERIFICATION] Request received for uid: 07NgNiEQn0h5tckr2iO7mR1jd672, token: 9ee8ccbc6ad855dc2b565c26adad9e5478b795e90f6998ddbf74a49170f90acf
[2026-01-23T05:24:55.263Z] [CONFIRM_VERIFICATION] No verification doc found for uid: 07NgNiEQn0h5tckr2iO7mR1jd672
[2026-01-23T05:24:55.618Z] [CONFIRM_VERIFICATION] User 07NgNiEQn0h5tckr2iO7mR1jd672 is already verified in Firebase Auth (Returning Success)
[2026-01-28T06:57:34.131Z] Initiating verification for vyosim.pranav.t@gmail.com, uid: ZV0OX4c1hLb2sHqwx6osLGdxtQ12
[2026-01-28T06:57:34.139Z] Token generated
[2026-01-28T06:57:34.140Z] Got Firestore instance
[2026-01-28T06:57:35.615Z] Token saved to Firestore
[2026-01-28T06:57:35.617Z] Verification link: http://localhost:5173/verify-email?token=9afbbdc7f036fb95995ed7a7191f4799b83bf5b8f7c3dd3e0a3d214a9b835dc8&uid=ZV0OX4c1hLb2sHqwx6osLGdxtQ12
[2026-01-28T06:57:35.618Z] Sending email...
[2026-01-28T06:57:38.002Z] Email result: {"success":true,"messageId":"S6G9uf0xQEmfr8BOoYr1Rw","to":"vyosim.pranav.t@gmail.com"}
[2026-01-28T06:58:47.675Z] Initiating verification for vyosim.pranav.t@gmail.com, uid: ZV0OX4c1hLb2sHqwx6osLGdxtQ12
[2026-01-28T06:58:47.676Z] Token generated
[2026-01-28T06:58:47.678Z] Got Firestore instance
[2026-01-28T06:58:47.750Z] Token saved to Firestore
[2026-01-28T06:58:47.751Z] Verification link: http://localhost:5173/verify-email?token=1495ae0cfbda229fddd74fbdf1c79d1ab669b1c777c0e097d092cd097077f119&uid=ZV0OX4c1hLb2sHqwx6osLGdxtQ12
[2026-01-28T06:58:47.752Z] Sending email...
[2026-01-28T06:59:07.410Z] Email result: {"success":true,"messageId":"J5jE-0zCTt2A_l1XXqArtg","to":"vyosim.pranav.t@gmail.com"}
[2026-01-28T07:01:00.748Z] [CONFIRM_VERIFICATION] Request received for uid: ZV0OX4c1hLb2sHqwx6osLGdxtQ12, token: 9afbbdc7f036fb95995ed7a7191f4799b83bf5b8f7c3dd3e0a3d214a9b835dc8
[2026-01-28T07:01:02.344Z] [CONFIRM_VERIFICATION] Found verification doc. Token in DB: 1495ae0cfbda229fddd74fbdf1c79d1ab669b1c777c0e097d092cd097077f119
[2026-01-28T07:01:02.345Z] [CONFIRM_VERIFICATION] Token mismatch! Received: 9afbbdc7f036fb95995ed7a7191f4799b83bf5b8f7c3dd3e0a3d214a9b835dc8, DB: 1495ae0cfbda229fddd74fbdf1c79d1ab669b1c777c0e097d092cd097077f119
[2026-01-28T07:01:13.516Z] [CONFIRM_VERIFICATION] Request received for uid: ZV0OX4c1hLb2sHqwx6osLGdxtQ12, token: 9afbbdc7f036fb95995ed7a7191f4799b83bf5b8f7c3dd3e0a3d214a9b835dc8
[2026-01-28T07:01:14.232Z] [CONFIRM_VERIFICATION] Found verification doc. Token in DB: 1495ae0cfbda229fddd74fbdf1c79d1ab669b1c777c0e097d092cd097077f119
[2026-01-28T07:01:14.234Z] [CONFIRM_VERIFICATION] Token mismatch! Received: 9afbbdc7f036fb95995ed7a7191f4799b83bf5b8f7c3dd3e0a3d214a9b835dc8, DB: 1495ae0cfbda229fddd74fbdf1c79d1ab669b1c777c0e097d092cd097077f119
[2026-01-28T07:01:25.576Z] [CONFIRM_VERIFICATION] Request received for uid: ZV0OX4c1hLb2sHqwx6osLGdxtQ12, token: 9afbbdc7f036fb95995ed7a7191f4799b83bf5b8f7c3dd3e0a3d214a9b835dc8
[2026-01-28T07:01:25.715Z] [CONFIRM_VERIFICATION] Found verification doc. Token in DB: 1495ae0cfbda229fddd74fbdf1c79d1ab669b1c777c0e097d092cd097077f119
[2026-01-28T07:01:25.716Z] [CONFIRM_VERIFICATION] Token mismatch! Received: 9afbbdc7f036fb95995ed7a7191f4799b83bf5b8f7c3dd3e0a3d214a9b835dc8, DB: 1495ae0cfbda229fddd74fbdf1c79d1ab669b1c777c0e097d092cd097077f119
[2026-01-28T07:08:15.240Z] Initiating verification for vyosim.pranav.t@gmail.com, uid: zFudqRnMWOhqjmoWRdmmmCTvZEB3
[2026-01-28T07:08:15.243Z] Token generated
[2026-01-28T07:08:15.348Z] Got Firestore instance
[2026-01-28T07:08:16.913Z] Token saved to Firestore
[2026-01-28T07:08:16.915Z] Verification link: http://localhost:5173/verify-email?token=2fdfa18fe47208ef76557cdcb1db8a5e46dbfadfd43b976455527a7298aeee0d&uid=zFudqRnMWOhqjmoWRdmmmCTvZEB3
[2026-01-28T07:08:16.917Z] Sending email...
[2026-01-28T07:08:18.161Z] Email result: {"success":true,"messageId":"37sRj9E8TSSAmezB8q4QKg","to":"vyosim.pranav.t@gmail.com"}
[2026-01-28T07:08:37.874Z] [CONFIRM_VERIFICATION] Request received for uid: zFudqRnMWOhqjmoWRdmmmCTvZEB3, token: 2fdfa18fe47208ef76557cdcb1db8a5e46dbfadfd43b976455527a7298aeee0d
[2026-01-28T07:08:37.962Z] [CONFIRM_VERIFICATION] Found verification doc. Token in DB: 2fdfa18fe47208ef76557cdcb1db8a5e46dbfadfd43b976455527a7298aeee0d
[2026-01-28T07:08:37.964Z] [CONFIRM_VERIFICATION] Updating Firebase Auth...
[2026-01-28T07:08:39.415Z] [CONFIRM_VERIFICATION] Updating Firestore verification status...
[2026-01-28T07:08:40.592Z] [CONFIRM_VERIFICATION] Deleting token doc...
[2026-01-28T07:08:40.691Z] [CONFIRM_VERIFICATION] Verification successful!
[2026-01-28T16:27:41.001Z] Initiating verification for nigelshivalkar6@gmail.com, uid: d1ctx0lN6AbSOwd1Wkljm8eFBMc2
[2026-01-28T16:27:41.002Z] Token generated
[2026-01-28T16:27:41.030Z] Got Firestore instance
[2026-01-28T16:27:41.885Z] Token saved to Firestore
[2026-01-28T16:27:41.885Z] Verification link: http://localhost:5173/verify-email?token=9e43ffb74aa64f52f4a7e89240c6015c7c05645f70f0290fd7a89d0c98b07550&uid=d1ctx0lN6AbSOwd1Wkljm8eFBMc2
[2026-01-28T16:27:41.886Z] Sending email...
[2026-01-28T16:27:43.386Z] Email result: {"success":true,"messageId":"fRPNgi3FQNSKR3e1wSYoCA","to":"nigelshivalkar6@gmail.com"}
[2026-01-28T16:28:27.136Z] [CONFIRM_VERIFICATION] Request received for uid: d1ctx0lN6AbSOwd1Wkljm8eFBMc2, token: 9e43ffb74aa64f52f4a7e89240c6015c7c05645f70f0290fd7a89d0c98b07550
[2026-01-28T16:28:27.233Z] [CONFIRM_VERIFICATION] Found verification doc. Token in DB: 9e43ffb74aa64f52f4a7e89240c6015c7c05645f70f0290fd7a89d0c98b07550
[2026-01-28T16:28:27.234Z] [CONFIRM_VERIFICATION] Updating Firebase Auth...
[2026-01-28T16:28:28.298Z] [CONFIRM_VERIFICATION] Updating Firestore verification status...
[2026-01-28T16:28:28.718Z] [CONFIRM_VERIFICATION] Deleting token doc...
[2026-01-28T16:28:28.832Z] [CONFIRM_VERIFICATION] Verification successful!
[2026-01-28T16:32:58.901Z] Initiating verification for snetwork963@gmail.com, uid: nep6SGqpaKQQND3xE4gWxSAXg402
[2026-01-28T16:32:58.901Z] Token generated
[2026-01-28T16:32:58.902Z] Got Firestore instance
[2026-01-28T16:32:59.015Z] Token saved to Firestore
[2026-01-28T16:32:59.015Z] Verification link: http://localhost:5173/verify-email?token=db9349dfa117981a9d0f776ed1e27774169cd38624029760fe30f7b92aae1396&uid=nep6SGqpaKQQND3xE4gWxSAXg402
[2026-01-28T16:32:59.016Z] Sending email...
[2026-01-28T16:33:00.603Z] Email result: {"success":true,"messageId":"ErheYzSvQ5GTaggwH_1b6A","to":"snetwork963@gmail.com"}
[2026-01-28T16:33:29.822Z] [CONFIRM_VERIFICATION] Request received for uid: nep6SGqpaKQQND3xE4gWxSAXg402, token: db9349dfa117981a9d0f776ed1e27774169cd38624029760fe30f7b92aae1396
[2026-01-28T16:33:29.920Z] [CONFIRM_VERIFICATION] Found verification doc. Token in DB: db9349dfa117981a9d0f776ed1e27774169cd38624029760fe30f7b92aae1396
[2026-01-28T16:33:29.920Z] [CONFIRM_VERIFICATION] Updating Firebase Auth...
[2026-01-28T16:33:31.521Z] [CONFIRM_VERIFICATION] Updating Firestore verification status...
[2026-01-28T16:33:31.843Z] [CONFIRM_VERIFICATION] Checking/Creating Transport Provider...
[2026-01-28T16:33:32.320Z] [CONFIRM_VERIFICATION] Syncing Provider...
[2026-01-28T16:33:33.137Z] [CONFIRM_VERIFICATION] Deleting token doc...
[2026-01-28T16:33:33.240Z] [CONFIRM_VERIFICATION] Verification successful!
[2026-01-28T16:41:04.664Z] [CONFIRM_VERIFICATION] Request received for uid: d1ctx0lN6AbSOwd1Wkljm8eFBMc2, token: 9e43ffb74aa64f52f4a7e89240c6015c7c05645f70f0290fd7a89d0c98b07550
[2026-01-28T16:41:04.789Z] [CONFIRM_VERIFICATION] No verification doc found for uid: d1ctx0lN6AbSOwd1Wkljm8eFBMc2
[2026-01-28T16:41:06.668Z] [CONFIRM_VERIFICATION] User d1ctx0lN6AbSOwd1Wkljm8eFBMc2 is already verified in Firebase Auth (Returning Success)
[2026-01-28T16:43:23.556Z] Initiating verification for nigelshivalkar7@gmail.com, uid: QE2WRYk7C2MI3XrhvufI7q3eJTb2
[2026-01-28T16:43:23.557Z] Token generated
[2026-01-28T16:43:23.557Z] Got Firestore instance
[2026-01-28T16:43:23.691Z] Token saved to Firestore
[2026-01-28T16:43:23.692Z] Verification link: http://localhost:5173/verify-email?token=ec8692a10a7e02df49c3786bc14bc9fe28442c55afbc40801e112957a9435c68&uid=QE2WRYk7C2MI3XrhvufI7q3eJTb2
[2026-01-28T16:43:23.692Z] Sending email...
[2026-01-28T16:43:26.081Z] Email result: {"success":true,"messageId":"JQCJwwjXRKyQ4lLput0svQ","to":"nigelshivalkar7@gmail.com"}
[2026-02-03T17:42:49.936Z] Initiating verification for nigelshivalkar7@gmail.com, uid: oAitN9xj0rdTgjjotClP2RcIv6q2
[2026-02-03T17:42:49.939Z] Token generated
[2026-02-03T17:42:49.940Z] Got Firestore instance
[2026-02-03T17:42:50.102Z] Token saved to Firestore
[2026-02-03T17:42:50.103Z] Verification link: http://localhost:5173/verify-email?token=efdac5bd6e207daaf00302067186797dd4c6c3ccda07215f079f30030a9dbf96&uid=oAitN9xj0rdTgjjotClP2RcIv6q2
[2026-02-03T17:42:50.103Z] Sending email...
[2026-02-03T17:42:52.037Z] Email result: {"success":true,"messageId":"-x_7pjG2S7S_o-8RUBZynQ","to":"nigelshivalkar7@gmail.com"}
[2026-02-03T17:43:40.196Z] [CONFIRM_VERIFICATION] Request received for uid: oAitN9xj0rdTgjjotClP2RcIv6q2, token: efdac5bd6e207daaf00302067186797dd4c6c3ccda07215f079f30030a9dbf96
[2026-02-03T17:43:40.421Z] [CONFIRM_VERIFICATION] Found verification doc. Token in DB: efdac5bd6e207daaf00302067186797dd4c6c3ccda07215f079f30030a9dbf96
[2026-02-03T17:43:40.423Z] [CONFIRM_VERIFICATION] Updating Firebase Auth...
[2026-02-03T17:43:42.077Z] [CONFIRM_VERIFICATION] Updating Firestore verification status...
[2026-02-03T17:43:42.501Z] [CONFIRM_VERIFICATION] Deleting token doc...
[2026-02-03T17:43:42.626Z] [CONFIRM_VERIFICATION] Verification successful!
[2026-02-03T17:48:05.687Z] [CONFIRM_VERIFICATION] Request received for uid: oAitN9xj0rdTgjjotClP2RcIv6q2, token: efdac5bd6e207daaf00302067186797dd4c6c3ccda07215f079f30030a9dbf96
[2026-02-03T17:48:05.778Z] [CONFIRM_VERIFICATION] No verification doc found for uid: oAitN9xj0rdTgjjotClP2RcIv6q2
[2026-02-03T17:48:06.145Z] [CONFIRM_VERIFICATION] User oAitN9xj0rdTgjjotClP2RcIv6q2 is already verified in Firebase Auth (Returning Success)
